#
# There is insufficient memory for the Java Runtime Environment to continue.
# Native memory allocation (malloc) failed to allocate 1100576 bytes for Chunk::new
# Possible reasons:
#   The system is out of physical RAM or swap space
#   The process is running with CompressedOops enabled, and the Java Heap may be blocking the growth of the native heap
# Possible solutions:
#   Reduce memory load on the system
#   Increase physical memory or swap space
#   Check if swap backing store is full
#   Decrease Java heap size (-Xmx/-Xms)
#   Decrease number of Java threads
#   Decrease Java thread stack sizes (-Xss)
#   Set larger code cache with -XX:ReservedCodeCacheSize=
#   JVM is running with Zero Based Compressed Oops mode in which the Java heap is
#     placed in the first 32GB address space. The Java Heap base address is the
#     maximum limit for the native heap growth. Please use -XX:HeapBaseMinAddress
#     to set the Java Heap base and to place the Java Heap above 32GB virtual address.
# This output file may be truncated or incomplete.
#
#  Out of Memory Error (allocation.cpp:389), pid=52832, tid=0x0000000000003f60
#
# JRE version: Java(TM) SE Runtime Environment (8.0_291-b10) (build 1.8.0_291-b10)
# Java VM: Java HotSpot(TM) 64-Bit Server VM (25.291-b10 mixed mode windows-amd64 compressed oops)
# Failed to write core dump. Minidumps are not enabled by default on client versions of Windows
#

---------------  T H R E A D  ---------------

Current thread (0x00000265b3ede800):  JavaThread "C2 CompilerThread2" daemon [_thread_in_native, id=16224, stack(0x000000e0c1300000,0x000000e0c1400000)]

Stack: [0x000000e0c1300000,0x000000e0c1400000]
Native frames: (J=compiled Java code, j=interpreted, Vv=VM code, C=native code)
V  [jvm.dll+0x32ea19]
V  [jvm.dll+0x275462]
V  [jvm.dll+0x27610d]
V  [jvm.dll+0x26cb45]
V  [jvm.dll+0xd524c]
V  [jvm.dll+0xd5a4c]
V  [jvm.dll+0x452872]
V  [jvm.dll+0x48dcdd]
V  [jvm.dll+0x442871]
V  [jvm.dll+0x43fae4]
V  [jvm.dll+0x42aa57]
V  [jvm.dll+0xabeeb]
V  [jvm.dll+0xaa54b]
V  [jvm.dll+0x23db02]
V  [jvm.dll+0x29210c]
C  [ucrtbase.dll+0x21bb2]
C  [KERNEL32.DLL+0x17034]
C  [ntdll.dll+0x52651]


Current CompileTask:
C2:  13231 12299       4       org.apache.iceberg.avro.PruneColumns::record (228 bytes)


---------------  P R O C E S S  ---------------

Java Threads: ( => current thread )
  0x00000265cc900800 JavaThread "Flink-DispatcherRestEndpoint-thread-2" daemon [_thread_blocked, id=41476, stack(0x000000e0d8800000,0x000000e0d8900000)]
  0x00000265cc8fd800 JavaThread "Legacy Source Thread - Source: Iceberg table (hdfs://hadoop01:8020/warehouse/iceberg/realtime/ncdd_raw) monitor (1/1)#2" [_thread_in_native, id=16844, stack(0x000000e0d8700000,0x000000e0d8800000)]
  0x00000265cc903000 JavaThread "channel-state-unspilling-thread-1" daemon [_thread_blocked, id=40468, stack(0x000000e0d8600000,0x000000e0d8700000)]
  0x00000265cc902000 JavaThread "Legacy Source Thread - Source: Iceberg table (hdfs://hadoop01:8020/warehouse/iceberg/realtime/ncdd_raw) monitor (1/1)#2" [_thread_blocked, id=17416, stack(0x000000e0d8500000,0x000000e0d8600000)]
  0x00000265cc901800 JavaThread "channel-state-unspilling-thread-1" daemon [_thread_blocked, id=48380, stack(0x000000e0d8400000,0x000000e0d8500000)]
  0x00000265cc904800 JavaThread "channel-state-unspilling-thread-1" daemon [_thread_blocked, id=46524, stack(0x000000e0d8300000,0x000000e0d8400000)]
  0x00000265c7fcd800 JavaThread "Flink-DispatcherRestEndpoint-thread-2" daemon [_thread_blocked, id=23660, stack(0x000000e0d8200000,0x000000e0d8300000)]
  0x00000265c7fcd000 JavaThread "channel-state-unspilling-thread-1" daemon [_thread_blocked, id=33608, stack(0x000000e0d7900000,0x000000e0d7a00000)]
  0x00000265c7fcc000 JavaThread "channel-state-unspilling-thread-1" daemon [_thread_blocked, id=33544, stack(0x000000e0d7800000,0x000000e0d7900000)]
  0x00000265c7fce800 JavaThread "channel-state-unspilling-thread-1" daemon [_thread_blocked, id=17748, stack(0x000000e0d7200000,0x000000e0d7300000)]
  0x00000265c7fcb800 JavaThread "channel-state-unspilling-thread-1" daemon [_thread_blocked, id=29864, stack(0x000000e0d7100000,0x000000e0d7200000)]
  0x00000265c7fca800 JavaThread "channel-state-unspilling-thread-1" daemon [_thread_blocked, id=38856, stack(0x000000e0d7000000,0x000000e0d7100000)]
  0x00000265c7fc3000 JavaThread "channel-state-unspilling-thread-1" daemon [_thread_blocked, id=37096, stack(0x000000e0d6f00000,0x000000e0d7000000)]
  0x00000265c7fc8800 JavaThread "channel-state-unspilling-thread-1" daemon [_thread_blocked, id=53860, stack(0x000000e0d6e00000,0x000000e0d6f00000)]
  0x00000265c7fc7800 JavaThread "channel-state-unspilling-thread-1" daemon [_thread_blocked, id=50124, stack(0x000000e0d6d00000,0x000000e0d6e00000)]
  0x00000265c7fca000 JavaThread "channel-state-unspilling-thread-1" daemon [_thread_blocked, id=39664, stack(0x000000e0d6c00000,0x000000e0d6d00000)]
  0x00000265c7fc9000 JavaThread "channel-state-unspilling-thread-1" daemon [_thread_blocked, id=15844, stack(0x000000e0d6b00000,0x000000e0d6c00000)]
  0x00000265c7fc0000 JavaThread "channel-state-unspilling-thread-1" daemon [_thread_blocked, id=5320, stack(0x000000e0d6a00000,0x000000e0d6b00000)]
  0x00000265c7fc2800 JavaThread "channel-state-unspilling-thread-1" daemon [_thread_blocked, id=12968, stack(0x000000e0d6900000,0x000000e0d6a00000)]
  0x00000265c7fc7000 JavaThread "channel-state-unspilling-thread-1" daemon [_thread_blocked, id=50600, stack(0x000000e0d6800000,0x000000e0d6900000)]
  0x00000265c7fbf000 JavaThread "channel-state-unspilling-thread-1" daemon [_thread_blocked, id=51952, stack(0x000000e0d6700000,0x000000e0d6800000)]
  0x00000265c7fc6000 JavaThread "channel-state-unspilling-thread-1" daemon [_thread_blocked, id=47348, stack(0x000000e0d6600000,0x000000e0d6700000)]
  0x00000265c7fc5800 JavaThread "channel-state-unspilling-thread-1" daemon [_thread_blocked, id=39440, stack(0x000000e0d6500000,0x000000e0d6600000)]
  0x00000265c7fc1800 JavaThread "channel-state-unspilling-thread-1" daemon [_thread_blocked, id=29964, stack(0x000000e0d6400000,0x000000e0d6500000)]
  0x00000265c7fc4000 JavaThread "channel-state-unspilling-thread-1" daemon [_thread_blocked, id=39608, stack(0x000000e0d6300000,0x000000e0d6400000)]
  0x00000265c7fc0800 JavaThread "channel-state-unspilling-thread-1" daemon [_thread_blocked, id=36700, stack(0x000000e0d6200000,0x000000e0d6300000)]
  0x00000265c7fc4800 JavaThread "channel-state-unspilling-thread-1" daemon [_thread_blocked, id=49588, stack(0x000000e0d6100000,0x000000e0d6200000)]
  0x00000265c8e95000 JavaThread "channel-state-unspilling-thread-1" daemon [_thread_blocked, id=23252, stack(0x000000e0d6000000,0x000000e0d6100000)]
  0x00000265c7651800 JavaThread "channel-state-unspilling-thread-1" daemon [_thread_blocked, id=54184, stack(0x000000e0d5f00000,0x000000e0d6000000)]
  0x00000265c7650800 JavaThread "channel-state-unspilling-thread-1" daemon [_thread_blocked, id=18280, stack(0x000000e0d5e00000,0x000000e0d5f00000)]
  0x00000265c18e3000 JavaThread "channel-state-unspilling-thread-1" daemon [_thread_blocked, id=10540, stack(0x000000e0d5d00000,0x000000e0d5e00000)]
  0x00000265c75f7000 JavaThread "channel-state-unspilling-thread-1" daemon [_thread_blocked, id=52128, stack(0x000000e0d5a00000,0x000000e0d5b00000)]
  0x00000265c75f4000 JavaThread "channel-state-unspilling-thread-1" daemon [_thread_blocked, id=13648, stack(0x000000e0d5900000,0x000000e0d5a00000)]
  0x00000265c75f5000 JavaThread "channel-state-unspilling-thread-1" daemon [_thread_blocked, id=42624, stack(0x000000e0d4600000,0x000000e0d4700000)]
  0x00000265c75e5800 JavaThread "OutputFlusher for IcebergStreamWriter" daemon [_thread_blocked, id=53192, stack(0x000000e0d4500000,0x000000e0d4600000)]
  0x00000265c75da800 JavaThread "OutputFlusher for IcebergStreamWriter" daemon [_thread_blocked, id=51440, stack(0x000000e0d3300000,0x000000e0d3400000)]
  0x00000265c7ce1800 JavaThread "channel-state-unspilling-thread-1" daemon [_thread_blocked, id=33004, stack(0x000000e0d2300000,0x000000e0d2400000)]
  0x00000265c7ce0800 JavaThread "OutputFlusher for IcebergStreamWriter" daemon [_thread_blocked, id=34904, stack(0x000000e0d2200000,0x000000e0d2300000)]
  0x00000265c7ce0000 JavaThread "channel-state-unspilling-thread-1" daemon [_thread_blocked, id=2764, stack(0x000000e0d2100000,0x000000e0d2200000)]
  0x00000265c7cda000 JavaThread "OutputFlusher for IcebergStreamWriter" daemon [_thread_blocked, id=52188, stack(0x000000e0d2000000,0x000000e0d2100000)]
  0x00000265c7cdf000 JavaThread "OutputFlusher for IcebergStreamWriter" daemon [_thread_blocked, id=5024, stack(0x000000e0d1f00000,0x000000e0d2000000)]
  0x00000265c7cde800 JavaThread "channel-state-unspilling-thread-1" daemon [_thread_blocked, id=28184, stack(0x000000e0d1e00000,0x000000e0d1f00000)]
  0x00000265c7cda800 JavaThread "OutputFlusher for IcebergStreamWriter" daemon [_thread_blocked, id=25040, stack(0x000000e0d1d00000,0x000000e0d1e00000)]
  0x00000265c1527000 JavaThread "channel-state-unspilling-thread-1" daemon [_thread_blocked, id=51572, stack(0x000000e0d1c00000,0x000000e0d1d00000)]
  0x00000265c1525800 JavaThread "channel-state-unspilling-thread-1" daemon [_thread_blocked, id=9576, stack(0x000000e0d1b00000,0x000000e0d1c00000)]
  0x00000265c152c800 JavaThread "channel-state-unspilling-thread-1" daemon [_thread_blocked, id=51428, stack(0x000000e0d1a00000,0x000000e0d1b00000)]
  0x00000265c1528800 JavaThread "OutputFlusher for IcebergStreamWriter" daemon [_thread_blocked, id=17336, stack(0x000000e0d1900000,0x000000e0d1a00000)]
  0x00000265c1528000 JavaThread "OutputFlusher for IcebergStreamWriter" daemon [_thread_blocked, id=18712, stack(0x000000e0d1800000,0x000000e0d1900000)]
  0x00000265c1526800 JavaThread "IcebergFilesCommitter -> Sink: IcebergSink hadoop_prod.realtime.ncdd_general (1/1)#2" [_thread_blocked, id=50820, stack(0x000000e0d1700000,0x000000e0d1800000)]
  0x00000265c1529800 JavaThread "OutputFlusher for IcebergStreamWriter" daemon [_thread_blocked, id=19984, stack(0x000000e0d1600000,0x000000e0d1700000)]
  0x00000265c1522800 JavaThread "IcebergStreamWriter (12/12)#2" [_thread_blocked, id=29852, stack(0x000000e0d1500000,0x000000e0d1600000)]
  0x00000265c1525000 JavaThread "IcebergStreamWriter (11/12)#2" [_thread_blocked, id=46860, stack(0x000000e0d1400000,0x000000e0d1500000)]
  0x00000265c8e9e800 JavaThread "channel-state-unspilling-thread-1" daemon [_thread_blocked, id=53952, stack(0x000000e0d1300000,0x000000e0d1400000)]
  0x00000265c8e9e000 JavaThread "IcebergStreamWriter (10/12)#2" [_thread_blocked, id=15384, stack(0x000000e0d1100000,0x000000e0d1200000)]
  0x00000265c8e93800 JavaThread "IcebergStreamWriter (9/12)#2" [_thread_blocked, id=1152, stack(0x000000e0d1000000,0x000000e0d1100000)]
  0x00000265c8e98800 JavaThread "IcebergStreamWriter (8/12)#2" [_thread_blocked, id=20276, stack(0x000000e0d0f00000,0x000000e0d1000000)]
  0x00000265c8e89800 JavaThread "channel-state-unspilling-thread-1" daemon [_thread_blocked, id=53804, stack(0x000000e0d0e00000,0x000000e0d0f00000)]
  0x00000265c8e90800 JavaThread "IcebergStreamWriter (7/12)#2" [_thread_blocked, id=31700, stack(0x000000e0d0d00000,0x000000e0d0e00000)]
  0x00000265c8e88800 JavaThread "IcebergStreamWriter (6/12)#2" [_thread_blocked, id=22188, stack(0x000000e0d0c00000,0x000000e0d0d00000)]
  0x00000265c8e8b000 JavaThread "IcebergStreamWriter (5/12)#2" [_thread_blocked, id=54036, stack(0x000000e0d0b00000,0x000000e0d0c00000)]
  0x00000265c8e8a000 JavaThread "channel-state-unspilling-thread-1" daemon [_thread_blocked, id=5956, stack(0x000000e0d0a00000,0x000000e0d0b00000)]
  0x00000265c8e8f800 JavaThread "OutputFlusher for Iceberg table (hdfs://hadoop01:8020/warehouse/iceberg/realtime/ncdd_raw) reader -> SinkConversionToNcddLogEntity -> Flat Map -> Filter -> SourceConversion(table=[default_catalog.default_database.tag_ncdd_general], fields=[channel, channel2, channel3, channel4, channel5, channel6, created_at, date, mi, node, source_type, table_name, time, val, val_str]) -> Calc(select=[source_type, mi, time, created_at, date, node, channel, channel2, channel3, channel4, channel5, channel6, val, val_str]) -> Filter" daemon [_thread_blocked, id=996, stack(0x000000e0d0900000,0x000000e0d0a00000)]
  0x00000265c8e88000 JavaThread "OutputFlusher for IcebergStreamWriter" daemon [_thread_blocked, id=47524, stack(0x000000e0d0800000,0x000000e0d0900000)]
  0x00000265c8e8e800 JavaThread "OutputFlusher for Iceberg table (hdfs://hadoop01:8020/warehouse/iceberg/realtime/ncdd_raw) reader -> SinkConversionToNcddLogEntity -> Flat Map -> Filter -> SourceConversion(table=[default_catalog.default_database.tag_ncdd_general], fields=[channel, channel2, channel3, channel4, channel5, channel6, created_at, date, mi, node, source_type, table_name, time, val, val_str]) -> Calc(select=[source_type, mi, time, created_at, date, node, channel, channel2, channel3, channel4, channel5, channel6, val, val_str]) -> Filter" daemon [_thread_blocked, id=14976, stack(0x000000e0d0700000,0x000000e0d0800000)]
  0x00000265c8e8e000 JavaThread "IcebergStreamWriter (4/12)#2" [_thread_blocked, id=23844, stack(0x000000e0d0600000,0x000000e0d0700000)]
  0x00000265c8e8c800 JavaThread "OutputFlusher for IcebergStreamWriter" daemon [_thread_blocked, id=46612, stack(0x000000e0d0500000,0x000000e0d0600000)]
  0x00000265c8e8b800 JavaThread "OutputFlusher for Iceberg table (hdfs://hadoop01:8020/warehouse/iceberg/realtime/ncdd_raw) reader -> SinkConversionToNcddLogEntity -> Flat Map -> Filter -> SourceConversion(table=[default_catalog.default_database.tag_ncdd_general], fields=[channel, channel2, channel3, channel4, channel5, channel6, created_at, date, mi, node, source_type, table_name, time, val, val_str]) -> Calc(select=[source_type, mi, time, created_at, date, node, channel, channel2, channel3, channel4, channel5, channel6, val, val_str]) -> Filter" daemon [_thread_blocked, id=3552, stack(0x000000e0d0400000,0x000000e0d0500000)]
  0x00000265c8e87000 JavaThread "OutputFlusher for Iceberg table (hdfs://hadoop01:8020/warehouse/iceberg/realtime/ncdd_raw) reader -> SinkConversionToNcddLogEntity -> Flat Map -> Filter -> SourceConversion(table=[default_catalog.default_database.tag_ncdd_general], fields=[channel, channel2, channel3, channel4, channel5, channel6, created_at, date, mi, node, source_type, table_name, time, val, val_str]) -> Calc(select=[source_type, mi, time, created_at, date, node, channel, channel2, channel3, channel4, channel5, channel6, val, val_str]) -> Filter" daemon [_thread_blocked, id=38904, stack(0x000000e0d0300000,0x000000e0d0400000)]
  0x00000265c8e8d000 JavaThread "OutputFlusher for Iceberg table (hdfs://hadoop01:8020/warehouse/iceberg/realtime/ncdd_raw) reader -> SinkConversionToNcddLogEntity -> Flat Map -> Filter -> SourceConversion(table=[default_catalog.default_database.tag_ncdd_general], fields=[channel, channel2, channel3, channel4, channel5, channel6, created_at, date, mi, node, source_type, table_name, time, val, val_str]) -> Calc(select=[source_type, mi, time, created_at, date, node, channel, channel2, channel3, channel4, channel5, channel6, val, val_str]) -> Filter" daemon [_thread_blocked, id=29192, stack(0x000000e0d0200000,0x000000e0d0300000)]
  0x00000265c8e81000 JavaThread "OutputFlusher for Iceberg table (hdfs://hadoop01:8020/warehouse/iceberg/realtime/ncdd_raw) reader -> SinkConversionToNcddLogEntity -> Flat Map -> Filter -> SourceConversion(table=[default_catalog.default_database.tag_ncdd_general], fields=[channel, channel2, channel3, channel4, channel5, channel6, created_at, date, mi, node, source_type, table_name, time, val, val_str]) -> Calc(select=[source_type, mi, time, created_at, date, node, channel, channel2, channel3, channel4, channel5, channel6, val, val_str]) -> Filter" daemon [_thread_blocked, id=32784, stack(0x000000e0d0100000,0x000000e0d0200000)]
  0x00000265c8e82000 JavaThread "OutputFlusher for Iceberg table (hdfs://hadoop01:8020/warehouse/iceberg/realtime/ncdd_raw) reader -> SinkConversionToNcddLogEntity -> Flat Map -> Filter -> SourceConversion(table=[default_catalog.default_database.tag_ncdd_general], fields=[channel, channel2, channel3, channel4, channel5, channel6, created_at, date, mi, node, source_type, table_name, time, val, val_str]) -> Calc(select=[source_type, mi, time, created_at, date, node, channel, channel2, channel3, channel4, channel5, channel6, val, val_str]) -> Filter" daemon [_thread_blocked, id=42628, stack(0x000000e0d0000000,0x000000e0d0100000)]
  0x00000265c8e7f800 JavaThread "OutputFlusher for IcebergStreamWriter" daemon [_thread_blocked, id=39572, stack(0x000000e0cff00000,0x000000e0d0000000)]
  0x00000265c8e85800 JavaThread "IcebergStreamWriter (2/12)#2" [_thread_blocked, id=15420, stack(0x000000e0cfe00000,0x000000e0cff00000)]
  0x00000265c8e80800 JavaThread "OutputFlusher for Iceberg table (hdfs://hadoop01:8020/warehouse/iceberg/realtime/ncdd_raw) reader -> SinkConversionToNcddLogEntity -> Flat Map -> Filter -> SourceConversion(table=[default_catalog.default_database.tag_ncdd_general], fields=[channel, channel2, channel3, channel4, channel5, channel6, created_at, date, mi, node, source_type, table_name, time, val, val_str]) -> Calc(select=[source_type, mi, time, created_at, date, node, channel, channel2, channel3, channel4, channel5, channel6, val, val_str]) -> Filter" daemon [_thread_blocked, id=34552, stack(0x000000e0cfb00000,0x000000e0cfc00000)]
  0x00000265c8e85000 JavaThread "IcebergStreamWriter (3/12)#2" [_thread_blocked, id=39264, stack(0x000000e0cfa00000,0x000000e0cfb00000)]
  0x00000265c8e84000 JavaThread "OutputFlusher for Iceberg table (hdfs://hadoop01:8020/warehouse/iceberg/realtime/ncdd_raw) reader -> SinkConversionToNcddLogEntity -> Flat Map -> Filter -> SourceConversion(table=[default_catalog.default_database.tag_ncdd_general], fields=[channel, channel2, channel3, channel4, channel5, channel6, created_at, date, mi, node, source_type, table_name, time, val, val_str]) -> Calc(select=[source_type, mi, time, created_at, date, node, channel, channel2, channel3, channel4, channel5, channel6, val, val_str]) -> Filter" daemon [_thread_blocked, id=4808, stack(0x000000e0cf900000,0x000000e0cfa00000)]
  0x00000265c8e83800 JavaThread "IcebergStreamWriter (1/12)#2" [_thread_blocked, id=52440, stack(0x000000e0cf800000,0x000000e0cf900000)]
  0x00000265c8e82800 JavaThread "Iceberg table (hdfs://hadoop01:8020/warehouse/iceberg/realtime/ncdd_raw) reader -> SinkConversionToNcddLogEntity -> Flat Map -> Filter -> SourceConversion(table=[default_catalog.default_database.tag_ncdd_general], fields=[channel, channel2, channel3, channel4, channel5, channel6, created_at, date, mi, node, source_type, table_name, time, val, val_str]) -> Calc(select=[source_type, mi, time, created_at, date, node, channel, channel2, channel3, channel4, channel5, channel6, val, val_str]) -> Filter (12/12)#2" [_thread_blocked, id=25192, stack(0x000000e0cf700000,0x000000e0cf800000)]
  0x00000265c8e86800 JavaThread "Iceberg table (hdfs://hadoop01:8020/warehouse/iceberg/realtime/ncdd_raw) reader -> SinkConversionToNcddLogEntity -> Flat Map -> Filter -> SourceConversion(table=[default_catalog.default_database.tag_ncdd_general], fields=[channel, channel2, channel3, channel4, channel5, channel6, created_at, date, mi, node, source_type, table_name, time, val, val_str]) -> Calc(select=[source_type, mi, time, created_at, date, node, channel, channel2, channel3, channel4, channel5, channel6, val, val_str]) -> Filter (11/12)#2" [_thread_blocked, id=38140, stack(0x000000e0cf600000,0x000000e0cf700000)]
  0x00000265c8543000 JavaThread "Iceberg table (hdfs://hadoop01:8020/warehouse/iceberg/realtime/ncdd_raw) reader -> SinkConversionToNcddLogEntity -> Flat Map -> Filter -> SourceConversion(table=[default_catalog.default_database.tag_ncdd_general], fields=[channel, channel2, channel3, channel4, channel5, channel6, created_at, date, mi, node, source_type, table_name, time, val, val_str]) -> Calc(select=[source_type, mi, time, created_at, date, node, channel, channel2, channel3, channel4, channel5, channel6, val, val_str]) -> Filter (10/12)#2" [_thread_blocked, id=13168, stack(0x000000e0cf500000,0x000000e0cf600000)]
  0x00000265c854a000 JavaThread "Iceberg table (hdfs://hadoop01:8020/warehouse/iceberg/realtime/ncdd_raw) reader -> SinkConversionToNcddLogEntity -> Flat Map -> Filter -> SourceConversion(table=[default_catalog.default_database.tag_ncdd_general], fields=[channel, channel2, channel3, channel4, channel5, channel6, created_at, date, mi, node, source_type, table_name, time, val, val_str]) -> Calc(select=[source_type, mi, time, created_at, date, node, channel, channel2, channel3, channel4, channel5, channel6, val, val_str]) -> Filter (9/12)#2" [_thread_blocked, id=47244, stack(0x000000e0cf400000,0x000000e0cf500000)]
  0x00000265c8544000 JavaThread "Iceberg table (hdfs://hadoop01:8020/warehouse/iceberg/realtime/ncdd_raw) reader -> SinkConversionToNcddLogEntity -> Flat Map -> Filter -> SourceConversion(table=[default_catalog.default_database.tag_ncdd_general], fields=[channel, channel2, channel3, channel4, channel5, channel6, created_at, date, mi, node, source_type, table_name, time, val, val_str]) -> Calc(select=[source_type, mi, time, created_at, date, node, channel, channel2, channel3, channel4, channel5, channel6, val, val_str]) -> Filter (8/12)#2" [_thread_blocked, id=26680, stack(0x000000e0cf300000,0x000000e0cf400000)]
  0x00000265c8542800 JavaThread "Iceberg table (hdfs://hadoop01:8020/warehouse/iceberg/realtime/ncdd_raw) reader -> SinkConversionToNcddLogEntity -> Flat Map -> Filter -> SourceConversion(table=[default_catalog.default_database.tag_ncdd_general], fields=[channel, channel2, channel3, channel4, channel5, channel6, created_at, date, mi, node, source_type, table_name, time, val, val_str]) -> Calc(select=[source_type, mi, time, created_at, date, node, channel, channel2, channel3, channel4, channel5, channel6, val, val_str]) -> Filter (7/12)#2" [_thread_blocked, id=36356, stack(0x000000e0cf200000,0x000000e0cf300000)]
  0x00000265c8541800 JavaThread "OutputFlusher for Iceberg table (hdfs://hadoop01:8020/warehouse/iceberg/realtime/ncdd_raw) reader -> SinkConversionToNcddLogEntity -> Flat Map -> Filter -> SourceConversion(table=[default_catalog.default_database.tag_ncdd_general], fields=[channel, channel2, channel3, channel4, channel5, channel6, created_at, date, mi, node, source_type, table_name, time, val, val_str]) -> Calc(select=[source_type, mi, time, created_at, date, node, channel, channel2, channel3, channel4, channel5, channel6, val, val_str]) -> Filter" daemon [_thread_blocked, id=49904, stack(0x000000e0cf100000,0x000000e0cf200000)]
  0x00000265c8540000 JavaThread "Iceberg table (hdfs://hadoop01:8020/warehouse/iceberg/realtime/ncdd_raw) reader -> SinkConversionToNcddLogEntity -> Flat Map -> Filter -> SourceConversion(table=[default_catalog.default_database.tag_ncdd_general], fields=[channel, channel2, channel3, channel4, channel5, channel6, created_at, date, mi, node, source_type, table_name, time, val, val_str]) -> Calc(select=[source_type, mi, time, created_at, date, node, channel, channel2, channel3, channel4, channel5, channel6, val, val_str]) -> Filter (6/12)#2" [_thread_blocked, id=24844, stack(0x000000e0cf000000,0x000000e0cf100000)]
  0x00000265c8541000 JavaThread "OutputFlusher for Iceberg table (hdfs://hadoop01:8020/warehouse/iceberg/realtime/ncdd_raw) reader -> SinkConversionToNcddLogEntity -> Flat Map -> Filter -> SourceConversion(table=[default_catalog.default_database.tag_ncdd_general], fields=[channel, channel2, channel3, channel4, channel5, channel6, created_at, date, mi, node, source_type, table_name, time, val, val_str]) -> Calc(select=[source_type, mi, time, created_at, date, node, channel, channel2, channel3, channel4, channel5, channel6, val, val_str]) -> Filter" daemon [_thread_blocked, id=37036, stack(0x000000e0cef00000,0x000000e0cf000000)]
  0x00000265c8538800 JavaThread "Iceberg table (hdfs://hadoop01:8020/warehouse/iceberg/realtime/ncdd_raw) reader -> SinkConversionToNcddLogEntity -> Flat Map -> Filter -> SourceConversion(table=[default_catalog.default_database.tag_ncdd_general], fields=[channel, channel2, channel3, channel4, channel5, channel6, created_at, date, mi, node, source_type, table_name, time, val, val_str]) -> Calc(select=[source_type, mi, time, created_at, date, node, channel, channel2, channel3, channel4, channel5, channel6, val, val_str]) -> Filter (1/12)#2" [_thread_blocked, id=29080, stack(0x000000e0cee00000,0x000000e0cef00000)]
  0x00000265c8539800 JavaThread "OutputFlusher for Iceberg table (hdfs://hadoop01:8020/warehouse/iceberg/realtime/ncdd_raw) reader -> SinkConversionToNcddLogEntity -> Flat Map -> Filter -> SourceConversion(table=[default_catalog.default_database.tag_ncdd_general], fields=[channel, channel2, channel3, channel4, channel5, channel6, created_at, date, mi, node, source_type, table_name, time, val, val_str]) -> Calc(select=[source_type, mi, time, created_at, date, node, channel, channel2, channel3, channel4, channel5, channel6, val, val_str]) -> Filter" daemon [_thread_blocked, id=31912, stack(0x000000e0ced00000,0x000000e0cee00000)]
  0x00000265c853f800 JavaThread "Iceberg table (hdfs://hadoop01:8020/warehouse/iceberg/realtime/ncdd_raw) reader -> SinkConversionToNcddLogEntity -> Flat Map -> Filter -> SourceConversion(table=[default_catalog.default_database.tag_ncdd_general], fields=[channel, channel2, channel3, channel4, channel5, channel6, created_at, date, mi, node, source_type, table_name, time, val, val_str]) -> Calc(select=[source_type, mi, time, created_at, date, node, channel, channel2, channel3, channel4, channel5, channel6, val, val_str]) -> Filter (5/12)#2" [_thread_blocked, id=31500, stack(0x000000e0cec00000,0x000000e0ced00000)]
  0x00000265c8537000 JavaThread "Iceberg table (hdfs://hadoop01:8020/warehouse/iceberg/realtime/ncdd_raw) reader -> SinkConversionToNcddLogEntity -> Flat Map -> Filter -> SourceConversion(table=[default_catalog.default_database.tag_ncdd_general], fields=[channel, channel2, channel3, channel4, channel5, channel6, created_at, date, mi, node, source_type, table_name, time, val, val_str]) -> Calc(select=[source_type, mi, time, created_at, date, node, channel, channel2, channel3, channel4, channel5, channel6, val, val_str]) -> Filter (4/12)#2" [_thread_blocked, id=2464, stack(0x000000e0ceb00000,0x000000e0cec00000)]
  0x00000265c853e000 JavaThread "OutputFlusher for Source: Iceberg table (hdfs://hadoop01:8020/warehouse/iceberg/realtime/ncdd_raw) monitor" daemon [_thread_blocked, id=38084, stack(0x000000e0cea00000,0x000000e0ceb00000)]
  0x00000265c853c800 JavaThread "Iceberg table (hdfs://hadoop01:8020/warehouse/iceberg/realtime/ncdd_raw) reader -> SinkConversionToNcddLogEntity -> Flat Map -> Filter -> SourceConversion(table=[default_catalog.default_database.tag_ncdd_general], fields=[channel, channel2, channel3, channel4, channel5, channel6, created_at, date, mi, node, source_type, table_name, time, val, val_str]) -> Calc(select=[source_type, mi, time, created_at, date, node, channel, channel2, channel3, channel4, channel5, channel6, val, val_str]) -> Filter (2/12)#2" [_thread_blocked, id=52080, stack(0x000000e0ce900000,0x000000e0cea00000)]
  0x00000265c8536800 JavaThread "Iceberg table (hdfs://hadoop01:8020/warehouse/iceberg/realtime/ncdd_raw) reader -> SinkConversionToNcddLogEntity -> Flat Map -> Filter -> SourceConversion(table=[default_catalog.default_database.tag_ncdd_general], fields=[channel, channel2, channel3, channel4, channel5, channel6, created_at, date, mi, node, source_type, table_name, time, val, val_str]) -> Calc(select=[source_type, mi, time, created_at, date, node, channel, channel2, channel3, channel4, channel5, channel6, val, val_str]) -> Filter (3/12)#2" [_thread_blocked, id=1756, stack(0x000000e0ce800000,0x000000e0ce900000)]
  0x00000265c853b000 JavaThread "Source: Iceberg table (hdfs://hadoop01:8020/warehouse/iceberg/realtime/ncdd_raw) monitor (1/1)#2" [_thread_blocked, id=25608, stack(0x000000e0ce700000,0x000000e0ce800000)]
  0x00000265c8538000 JavaThread "Iceberg table (hdfs://hadoop01:8020/warehouse/iceberg/realtime/ncdd_raw) reader -> SinkConversionToNcddLogEntity -> Flat Map -> (Filter, Filter) (12/12)#2" [_thread_blocked, id=38624, stack(0x000000e0ce600000,0x000000e0ce700000)]
  0x00000265c853d000 JavaThread "Iceberg table (hdfs://hadoop01:8020/warehouse/iceberg/realtime/ncdd_raw) reader -> SinkConversionToNcddLogEntity -> Flat Map -> (Filter, Filter) (11/12)#2" [_thread_blocked, id=25980, stack(0x000000e0ce500000,0x000000e0ce600000)]
  0x00000265c853a000 JavaThread "Iceberg table (hdfs://hadoop01:8020/warehouse/iceberg/realtime/ncdd_raw) reader -> SinkConversionToNcddLogEntity -> Flat Map -> (Filter, Filter) (10/12)#2" [_thread_blocked, id=7544, stack(0x000000e0ce400000,0x000000e0ce500000)]
  0x00000265c853b800 JavaThread "Iceberg table (hdfs://hadoop01:8020/warehouse/iceberg/realtime/ncdd_raw) reader -> SinkConversionToNcddLogEntity -> Flat Map -> (Filter, Filter) (9/12)#2" [_thread_blocked, id=9860, stack(0x000000e0ce300000,0x000000e0ce400000)]
  0x00000265c8532000 JavaThread "Iceberg table (hdfs://hadoop01:8020/warehouse/iceberg/realtime/ncdd_raw) reader -> SinkConversionToNcddLogEntity -> Flat Map -> (Filter, Filter) (8/12)#2" [_thread_blocked, id=54164, stack(0x000000e0ce200000,0x000000e0ce300000)]
  0x00000265c8534000 JavaThread "Iceberg table (hdfs://hadoop01:8020/warehouse/iceberg/realtime/ncdd_raw) reader -> SinkConversionToNcddLogEntity -> Flat Map -> (Filter, Filter) (7/12)#2" [_thread_blocked, id=26084, stack(0x000000e0ce100000,0x000000e0ce200000)]
  0x00000265c8535800 JavaThread "Iceberg table (hdfs://hadoop01:8020/warehouse/iceberg/realtime/ncdd_raw) reader -> SinkConversionToNcddLogEntity -> Flat Map -> (Filter, Filter) (6/12)#2" [_thread_blocked, id=5700, stack(0x000000e0ce000000,0x000000e0ce100000)]
  0x00000265c8535000 JavaThread "Iceberg table (hdfs://hadoop01:8020/warehouse/iceberg/realtime/ncdd_raw) reader -> SinkConversionToNcddLogEntity -> Flat Map -> (Filter, Filter) (5/12)#2" [_thread_blocked, id=51464, stack(0x000000e0cde00000,0x000000e0cdf00000)]
  0x00000265c8530800 JavaThread "Iceberg table (hdfs://hadoop01:8020/warehouse/iceberg/realtime/ncdd_raw) reader -> SinkConversionToNcddLogEntity -> Flat Map -> (Filter, Filter) (4/12)#2" [_thread_blocked, id=25868, stack(0x000000e0cdd00000,0x000000e0cde00000)]
  0x00000265c8533800 JavaThread "Iceberg table (hdfs://hadoop01:8020/warehouse/iceberg/realtime/ncdd_raw) reader -> SinkConversionToNcddLogEntity -> Flat Map -> (Filter, Filter) (1/12)#2" [_thread_blocked, id=7752, stack(0x000000e0cdc00000,0x000000e0cdd00000)]
  0x00000265c8531000 JavaThread "Iceberg table (hdfs://hadoop01:8020/warehouse/iceberg/realtime/ncdd_raw) reader -> SinkConversionToNcddLogEntity -> Flat Map -> (Filter, Filter) (3/12)#2" [_thread_blocked, id=16632, stack(0x000000e0cdb00000,0x000000e0cdc00000)]
  0x00000265cd2df800 JavaThread "OutputFlusher for Source: Iceberg table (hdfs://hadoop01:8020/warehouse/iceberg/realtime/ncdd_raw) monitor" daemon [_thread_blocked, id=21912, stack(0x000000e0cda00000,0x000000e0cdb00000)]
  0x00000265cd2df000 JavaThread "Iceberg table (hdfs://hadoop01:8020/warehouse/iceberg/realtime/ncdd_raw) reader -> SinkConversionToNcddLogEntity -> Flat Map -> (Filter, Filter) (2/12)#2" [_thread_blocked, id=51976, stack(0x000000e0cd900000,0x000000e0cda00000)]
  0x00000265cd2de000 JavaThread "Source: Iceberg table (hdfs://hadoop01:8020/warehouse/iceberg/realtime/ncdd_raw) monitor (1/1)#2" [_thread_blocked, id=14920, stack(0x000000e0cd800000,0x000000e0cd900000)]
  0x00000265cd2a8000 JavaThread "CloseableReaperThread" daemon [_thread_blocked, id=17836, stack(0x000000e0c5800000,0x000000e0c5900000)]
  0x00000265cd2a7000 JavaThread "flink-taskexecutor-io-thread-3" daemon [_thread_blocked, id=46764, stack(0x000000e0c5000000,0x000000e0c5100000)]
  0x00000265cd2d6800 JavaThread "flink-taskexecutor-io-thread-2" daemon [_thread_blocked, id=50904, stack(0x000000e0c5f00000,0x000000e0c6000000)]
  0x00000265cd2a5800 JavaThread "flink-taskexecutor-io-thread-1" daemon [_thread_blocked, id=51368, stack(0x000000e0d1200000,0x000000e0d1300000)]
  0x00000265cd2af800 JavaThread "flink-taskexecutor-io-thread-2" daemon [_thread_blocked, id=11716, stack(0x000000e0cc800000,0x000000e0cc900000)]
  0x00000265cd2b4000 JavaThread "flink-taskexecutor-io-thread-1" daemon [_thread_blocked, id=11912, stack(0x000000e0c8100000,0x000000e0c8200000)]
  0x00000265c8e9c800 JavaThread "IPC Parameter Sending Thread #1" daemon [_thread_blocked, id=23256, stack(0x000000e0d8100000,0x000000e0d8200000)]
  0x00000265c8e9b800 JavaThread "iceberg-worker-pool-11" daemon [_thread_blocked, id=25008, stack(0x000000e0d8000000,0x000000e0d8100000)]
  0x00000265c8e9b000 JavaThread "iceberg-worker-pool-10" daemon [_thread_blocked, id=42664, stack(0x000000e0d7f00000,0x000000e0d8000000)]
  0x00000265c8e9a000 JavaThread "iceberg-worker-pool-9" daemon [_thread_blocked, id=52608, stack(0x000000e0d7e00000,0x000000e0d7f00000)]
  0x00000265c8e99800 JavaThread "iceberg-worker-pool-8" daemon [_thread_blocked, id=54056, stack(0x000000e0d7d00000,0x000000e0d7e00000)]
  0x00000265c8e92000 JavaThread "iceberg-worker-pool-7" daemon [_thread_blocked, id=2228, stack(0x000000e0d7c00000,0x000000e0d7d00000)]
  0x00000265c8e96800 JavaThread "iceberg-worker-pool-6" daemon [_thread_in_native, id=48980, stack(0x000000e0d7b00000,0x000000e0d7c00000)]
  0x00000265c8e94000 JavaThread "iceberg-worker-pool-5" daemon [_thread_blocked, id=8272, stack(0x000000e0d7a00000,0x000000e0d7b00000)]
  0x00000265c8e91000 JavaThread "iceberg-worker-pool-4" daemon [_thread_blocked, id=30492, stack(0x000000e0d7700000,0x000000e0d7800000)]
  0x00000265c8e92800 JavaThread "iceberg-worker-pool-3" daemon [_thread_blocked, id=52688, stack(0x000000e0d7600000,0x000000e0d7700000)]
  0x00000265c8e98000 JavaThread "iceberg-worker-pool-2" daemon [_thread_blocked, id=25320, stack(0x000000e0d7500000,0x000000e0d7600000)]
  0x00000265c8e97000 JavaThread "iceberg-worker-pool-1" daemon [_thread_blocked, id=8600, stack(0x000000e0d7400000,0x000000e0d7500000)]
  0x00000265c8e95800 JavaThread "iceberg-worker-pool-0" daemon [_thread_blocked, id=48068, stack(0x000000e0d7300000,0x000000e0d7400000)]
  0x00000265c75f5800 JavaThread "jobmanager-future-thread-12" daemon [_thread_blocked, id=41116, stack(0x000000e0d5800000,0x000000e0d5900000)]
  0x00000265c75f6800 JavaThread "jobmanager-future-thread-11" daemon [_thread_blocked, id=32092, stack(0x000000e0d5700000,0x000000e0d5800000)]
  0x00000265c75ec800 JavaThread "jobmanager-future-thread-10" daemon [_thread_blocked, id=53920, stack(0x000000e0d5600000,0x000000e0d5700000)]
  0x00000265c75f2800 JavaThread "jobmanager-future-thread-9" daemon [_thread_blocked, id=49848, stack(0x000000e0d5500000,0x000000e0d5600000)]
  0x00000265c75f2000 JavaThread "jobmanager-future-thread-8" daemon [_thread_blocked, id=50356, stack(0x000000e0d5400000,0x000000e0d5500000)]
  0x00000265c75f3800 JavaThread "jobmanager-future-thread-7" daemon [_thread_blocked, id=52200, stack(0x000000e0d5300000,0x000000e0d5400000)]
  0x00000265c75eb800 JavaThread "Flink-MetricRegistry-thread-1" daemon [_thread_blocked, id=20196, stack(0x000000e0d5200000,0x000000e0d5300000)]
  0x00000265c75f1000 JavaThread "jobmanager-future-thread-6" daemon [_thread_blocked, id=8252, stack(0x000000e0d5100000,0x000000e0d5200000)]
  0x00000265c75ee000 JavaThread "jobmanager-future-thread-5" daemon [_thread_blocked, id=44812, stack(0x000000e0d5000000,0x000000e0d5100000)]
  0x00000265c75e9800 JavaThread "jobmanager-future-thread-4" daemon [_thread_blocked, id=23712, stack(0x000000e0d4f00000,0x000000e0d5000000)]
  0x00000265c75ea000 JavaThread "mini-cluster-io-thread-18" daemon [_thread_blocked, id=48840, stack(0x000000e0d4e00000,0x000000e0d4f00000)]
  0x00000265c75f0800 JavaThread "pool-7-thread-1" [_thread_blocked, id=20428, stack(0x000000e0d4d00000,0x000000e0d4e00000)]
  0x00000265c75ef000 JavaThread "jobmanager-future-thread-3" daemon [_thread_blocked, id=50396, stack(0x000000e0d4c00000,0x000000e0d4d00000)]
  0x00000265c75eb000 JavaThread "mini-cluster-io-thread-17" daemon [_thread_blocked, id=10820, stack(0x000000e0d4b00000,0x000000e0d4c00000)]
  0x00000265c75ef800 JavaThread "mini-cluster-io-thread-16" daemon [_thread_blocked, id=46964, stack(0x000000e0d4a00000,0x000000e0d4b00000)]
  0x00000265c75ed800 JavaThread "jobmanager-future-thread-2" daemon [_thread_blocked, id=51092, stack(0x000000e0d4900000,0x000000e0d4a00000)]
  0x00000265c75e2000 JavaThread "Checkpoint Timer" daemon [_thread_blocked, id=16004, stack(0x000000e0d4800000,0x000000e0d4900000)]
  0x00000265c75e8800 JavaThread "mini-cluster-io-thread-15" daemon [_thread_blocked, id=5076, stack(0x000000e0d4700000,0x000000e0d4800000)]
  0x00000265c75e7000 JavaThread "mini-cluster-io-thread-14" daemon [_thread_blocked, id=20240, stack(0x000000e0d4400000,0x000000e0d4500000)]
  0x00000265c75e3800 JavaThread "mini-cluster-io-thread-13" daemon [_thread_blocked, id=52528, stack(0x000000e0d4300000,0x000000e0d4400000)]
  0x00000265c75df800 JavaThread "mini-cluster-io-thread-12" daemon [_thread_blocked, id=21684, stack(0x000000e0d4200000,0x000000e0d4300000)]
  0x00000265c75e5000 JavaThread "mini-cluster-io-thread-11" daemon [_thread_blocked, id=49336, stack(0x000000e0d4100000,0x000000e0d4200000)]
  0x00000265c75e1000 JavaThread "mini-cluster-io-thread-10" daemon [_thread_blocked, id=14144, stack(0x000000e0d4000000,0x000000e0d4100000)]
  0x00000265c75e0800 JavaThread "jobmanager-future-thread-1" daemon [_thread_blocked, id=24208, stack(0x000000e0d3f00000,0x000000e0d4000000)]
  0x00000265c75e6800 JavaThread "mini-cluster-io-thread-9" daemon [_thread_blocked, id=9796, stack(0x000000e0d3e00000,0x000000e0d3f00000)]
  0x00000265c75e4000 JavaThread "mini-cluster-io-thread-8" daemon [_thread_blocked, id=1308, stack(0x000000e0d3d00000,0x000000e0d3e00000)]
  0x00000265c75e2800 JavaThread "mini-cluster-io-thread-7" daemon [_thread_blocked, id=52584, stack(0x000000e0d3c00000,0x000000e0d3d00000)]
  0x00000265c75d8000 JavaThread "mini-cluster-io-thread-6" daemon [_thread_blocked, id=40824, stack(0x000000e0d3b00000,0x000000e0d3c00000)]
  0x00000265c75df000 JavaThread "mini-cluster-io-thread-5" daemon [_thread_blocked, id=21276, stack(0x000000e0d3a00000,0x000000e0d3b00000)]
  0x00000265c75dd800 JavaThread "mini-cluster-io-thread-4" daemon [_thread_blocked, id=14900, stack(0x000000e0d3900000,0x000000e0d3a00000)]
  0x00000265c75de000 JavaThread "mini-cluster-io-thread-3" daemon [_thread_blocked, id=48948, stack(0x000000e0d3800000,0x000000e0d3900000)]
  0x00000265c75d9000 JavaThread "mini-cluster-io-thread-2" daemon [_thread_blocked, id=50828, stack(0x000000e0d3700000,0x000000e0d3800000)]
  0x00000265c75db000 JavaThread "Flink-DispatcherRestEndpoint-thread-1" daemon [_thread_blocked, id=25228, stack(0x000000e0d3600000,0x000000e0d3700000)]
  0x00000265c75dc800 JavaThread "mini-cluster-io-thread-1" daemon [_thread_blocked, id=26528, stack(0x000000e0d3500000,0x000000e0d3600000)]
  0x00000265c75dc000 JavaThread "flink-rest-server-netty-boss-thread-1" daemon [_thread_in_native, id=8188, stack(0x000000e0d3400000,0x000000e0d3500000)]
  0x00000265c75d9800 JavaThread "IOManager reader thread #1" daemon [_thread_blocked, id=20960, stack(0x000000e0d3200000,0x000000e0d3300000)]
  0x00000265c854f000 JavaThread "IOManager writer thread #1" daemon [_thread_blocked, id=45372, stack(0x000000e0d3100000,0x000000e0d3200000)]
  0x00000265c8547800 JavaThread "Timer-8" daemon [_thread_blocked, id=35388, stack(0x000000e0d3000000,0x000000e0d3100000)]
  0x00000265c854e800 JavaThread "Timer-7" daemon [_thread_blocked, id=29332, stack(0x000000e0d2f00000,0x000000e0d3000000)]
  0x00000265c854d800 JavaThread "BLOB Server listener at 3137" daemon [_thread_in_native, id=32392, stack(0x000000e0d2e00000,0x000000e0d2f00000)]
  0x00000265c854c000 JavaThread "Timer-6" daemon [_thread_blocked, id=12168, stack(0x000000e0d2d00000,0x000000e0d2e00000)]
  0x00000265c8547000 JavaThread "flink-metrics-akka.actor.supervisor-dispatcher-3" [_thread_blocked, id=22784, stack(0x000000e0d2c00000,0x000000e0d2d00000)]
  0x00000265c854a800 JavaThread "flink-metrics-2" [_thread_blocked, id=49572, stack(0x000000e0d2b00000,0x000000e0d2c00000)]
  0x00000265c8548800 JavaThread "flink-metrics-scheduler-1" [_thread_blocked, id=53928, stack(0x000000e0d2a00000,0x000000e0d2b00000)]
  0x00000265c8546000 JavaThread "flink-akka.actor.supervisor-dispatcher-6" [_thread_blocked, id=39108, stack(0x000000e0d2900000,0x000000e0d2a00000)]
  0x00000265c854b800 JavaThread "flink-akka.actor.default-dispatcher-5" [_thread_blocked, id=34892, stack(0x000000e0d2800000,0x000000e0d2900000)]
  0x00000265c8549000 JavaThread "flink-akka.actor.default-dispatcher-4" [_thread_blocked, id=18980, stack(0x000000e0d2700000,0x000000e0d2800000)]
  0x00000265c854d000 JavaThread "flink-akka.actor.default-dispatcher-3" [_thread_blocked, id=52596, stack(0x000000e0d2600000,0x000000e0d2700000)]
  0x00000265c853e800 JavaThread "flink-akka.actor.default-dispatcher-2" [_thread_blocked, id=53236, stack(0x000000e0d2500000,0x000000e0d2600000)]
  0x00000265c8545800 JavaThread "flink-scheduler-1" [_thread_blocked, id=52620, stack(0x000000e0d2400000,0x000000e0d2500000)]
  0x00000265c7cdb800 JavaThread "jobmanager-future-thread-12" daemon [_thread_blocked, id=19040, stack(0x000000e0cd600000,0x000000e0cd700000)]
  0x00000265c7cdc000 JavaThread "jobmanager-future-thread-11" daemon [_thread_blocked, id=19760, stack(0x000000e0cd500000,0x000000e0cd600000)]
  0x00000265c7cdd800 JavaThread "jobmanager-future-thread-10" daemon [_thread_blocked, id=50632, stack(0x000000e0cd400000,0x000000e0cd500000)]
  0x00000265c7cd6000 JavaThread "jobmanager-future-thread-9" daemon [_thread_blocked, id=21172, stack(0x000000e0cd300000,0x000000e0cd400000)]
  0x00000265c7cdd000 JavaThread "jobmanager-future-thread-8" daemon [_thread_blocked, id=42088, stack(0x000000e0cd200000,0x000000e0cd300000)]
  0x00000265c7cd3000 JavaThread "jobmanager-future-thread-7" daemon [_thread_blocked, id=15492, stack(0x000000e0cd100000,0x000000e0cd200000)]
  0x00000265c7cd8800 JavaThread "jobmanager-future-thread-6" daemon [_thread_blocked, id=51588, stack(0x000000e0cd000000,0x000000e0cd100000)]
  0x00000265c7cd2800 JavaThread "Flink-MetricRegistry-thread-1" daemon [_thread_blocked, id=40536, stack(0x000000e0ccf00000,0x000000e0cd000000)]
  0x00000265c7cd7000 JavaThread "jobmanager-future-thread-5" daemon [_thread_blocked, id=42232, stack(0x000000e0cce00000,0x000000e0ccf00000)]
  0x00000265c7cd4800 JavaThread "jobmanager-future-thread-4" daemon [_thread_blocked, id=51980, stack(0x000000e0ccd00000,0x000000e0cce00000)]
  0x00000265c7cd9000 JavaThread "mini-cluster-io-thread-18" daemon [_thread_blocked, id=6356, stack(0x000000e0ccc00000,0x000000e0ccd00000)]
  0x00000265c7cd5800 JavaThread "pool-6-thread-1" [_thread_blocked, id=14796, stack(0x000000e0ccb00000,0x000000e0ccc00000)]
  0x00000265c7cd4000 JavaThread "jobmanager-future-thread-3" daemon [_thread_blocked, id=30676, stack(0x000000e0cca00000,0x000000e0ccb00000)]
  0x00000265c7cd7800 JavaThread "mini-cluster-io-thread-17" daemon [_thread_blocked, id=3540, stack(0x000000e0cc900000,0x000000e0cca00000)]
  0x00000265c7653800 JavaThread "mini-cluster-io-thread-16" daemon [_thread_blocked, id=19564, stack(0x000000e0cc700000,0x000000e0cc800000)]
  0x00000265c7653000 JavaThread "jobmanager-future-thread-2" daemon [_thread_blocked, id=48208, stack(0x000000e0cc500000,0x000000e0cc600000)]
  0x00000265c7652000 JavaThread "Checkpoint Timer" daemon [_thread_blocked, id=32796, stack(0x000000e0cc400000,0x000000e0cc500000)]
  0x00000265c7650000 JavaThread "mini-cluster-io-thread-15" daemon [_thread_blocked, id=53616, stack(0x000000e0cc300000,0x000000e0cc400000)]
  0x00000265c764f000 JavaThread "mini-cluster-io-thread-14" daemon [_thread_blocked, id=27724, stack(0x000000e0cc200000,0x000000e0cc300000)]
  0x00000265c764e800 JavaThread "mini-cluster-io-thread-13" daemon [_thread_blocked, id=43824, stack(0x000000e0cc100000,0x000000e0cc200000)]
  0x00000265c764d800 JavaThread "mini-cluster-io-thread-12" daemon [_thread_blocked, id=13584, stack(0x000000e0cc000000,0x000000e0cc100000)]
  0x00000265c7646000 JavaThread "mini-cluster-io-thread-11" daemon [_thread_blocked, id=50740, stack(0x000000e0cbf00000,0x000000e0cc000000)]
  0x00000265c7649000 JavaThread "mini-cluster-io-thread-10" daemon [_thread_blocked, id=41576, stack(0x000000e0cbe00000,0x000000e0cbf00000)]
  0x00000265c764d000 JavaThread "jobmanager-future-thread-1" daemon [_thread_blocked, id=47436, stack(0x000000e0cbd00000,0x000000e0cbe00000)]
  0x00000265c764c000 JavaThread "mini-cluster-io-thread-9" daemon [_thread_blocked, id=40080, stack(0x000000e0cbc00000,0x000000e0cbd00000)]
  0x00000265c764a800 JavaThread "mini-cluster-io-thread-8" daemon [_thread_blocked, id=49900, stack(0x000000e0cbb00000,0x000000e0cbc00000)]
  0x00000265c7645000 JavaThread "mini-cluster-io-thread-7" daemon [_thread_blocked, id=51028, stack(0x000000e0cba00000,0x000000e0cbb00000)]
  0x00000265c7647800 JavaThread "mini-cluster-io-thread-6" daemon [_thread_blocked, id=33712, stack(0x000000e0cb900000,0x000000e0cba00000)]
  0x00000265c7648000 JavaThread "mini-cluster-io-thread-5" daemon [_thread_blocked, id=50624, stack(0x000000e0cb800000,0x000000e0cb900000)]
  0x00000265c7649800 JavaThread "mini-cluster-io-thread-4" daemon [_thread_blocked, id=5528, stack(0x000000e0cb700000,0x000000e0cb800000)]
  0x00000265c764b000 JavaThread "mini-cluster-io-thread-3" daemon [_thread_blocked, id=36124, stack(0x000000e0cb600000,0x000000e0cb700000)]
  0x00000265c7644800 JavaThread "mini-cluster-io-thread-2" daemon [_thread_blocked, id=43260, stack(0x000000e0cb500000,0x000000e0cb600000)]
  0x00000265c7646800 JavaThread "Flink-DispatcherRestEndpoint-thread-1" daemon [_thread_blocked, id=14208, stack(0x000000e0cb400000,0x000000e0cb500000)]
  0x00000265c18f1000 JavaThread "mini-cluster-io-thread-1" daemon [_thread_blocked, id=14008, stack(0x000000e0cb300000,0x000000e0cb400000)]
  0x00000265c18f0800 JavaThread "flink-rest-server-netty-boss-thread-1" daemon [_thread_in_native, id=17760, stack(0x000000e0cb200000,0x000000e0cb300000)]
  0x00000265c18f2000 JavaThread "IOManager reader thread #1" daemon [_thread_blocked, id=39760, stack(0x000000e0cb100000,0x000000e0cb200000)]
  0x00000265c18ef000 JavaThread "IOManager writer thread #1" daemon [_thread_blocked, id=16604, stack(0x000000e0cb000000,0x000000e0cb100000)]
  0x00000265c18ef800 JavaThread "Timer-5" daemon [_thread_blocked, id=21156, stack(0x000000e0caf00000,0x000000e0cb000000)]
  0x00000265c18ee000 JavaThread "Timer-4" daemon [_thread_blocked, id=8456, stack(0x000000e0cae00000,0x000000e0caf00000)]
  0x00000265c18ed800 JavaThread "BLOB Server listener at 3079" daemon [_thread_in_native, id=18400, stack(0x000000e0cad00000,0x000000e0cae00000)]
  0x00000265c18e6000 JavaThread "Timer-3" daemon [_thread_blocked, id=46376, stack(0x000000e0cac00000,0x000000e0cad00000)]
  0x00000265c18e9000 JavaThread "flink-metrics-akka.actor.supervisor-dispatcher-3" [_thread_blocked, id=35636, stack(0x000000e0cab00000,0x000000e0cac00000)]
  0x00000265c18eb000 JavaThread "flink-metrics-2" [_thread_blocked, id=35328, stack(0x000000e0caa00000,0x000000e0cab00000)]
  0x00000265c18e8000 JavaThread "flink-metrics-scheduler-1" [_thread_blocked, id=49828, stack(0x000000e0ca900000,0x000000e0caa00000)]
  0x00000265c18ec800 JavaThread "flink-akka.actor.supervisor-dispatcher-6" [_thread_blocked, id=19076, stack(0x000000e0ca800000,0x000000e0ca900000)]
  0x00000265c18ec000 JavaThread "flink-akka.actor.default-dispatcher-5" [_thread_blocked, id=22252, stack(0x000000e0ca700000,0x000000e0ca800000)]
  0x00000265c18ea800 JavaThread "flink-akka.actor.default-dispatcher-4" [_thread_blocked, id=41252, stack(0x000000e0ca600000,0x000000e0ca700000)]
  0x00000265c18e3800 JavaThread "flink-akka.actor.default-dispatcher-3" [_thread_blocked, id=46596, stack(0x000000e0ca500000,0x000000e0ca600000)]
  0x00000265c18e4800 JavaThread "flink-akka.actor.default-dispatcher-2" [_thread_blocked, id=21532, stack(0x000000e0ca400000,0x000000e0ca500000)]
  0x00000265c18e7800 JavaThread "flink-scheduler-1" [_thread_blocked, id=51108, stack(0x000000e0ca300000,0x000000e0ca400000)]
  0x00000265c152a000 JavaThread "Flink-MetricRegistry-thread-1" daemon [_thread_blocked, id=46648, stack(0x000000e0c5600000,0x000000e0c5700000)]
  0x00000265c152b000 JavaThread "jobmanager-future-thread-12" daemon [_thread_blocked, id=52872, stack(0x000000e0c5500000,0x000000e0c5600000)]
  0x00000265c152b800 JavaThread "jobmanager-future-thread-11" daemon [_thread_blocked, id=7096, stack(0x000000e0c5400000,0x000000e0c5500000)]
  0x00000265c151d800 JavaThread "jobmanager-future-thread-10" daemon [_thread_blocked, id=12104, stack(0x000000e0c5300000,0x000000e0c5400000)]
  0x00000265c1524000 JavaThread "jobmanager-future-thread-9" daemon [_thread_blocked, id=16260, stack(0x000000e0c5200000,0x000000e0c5300000)]
  0x00000265c1523800 JavaThread "jobmanager-future-thread-8" daemon [_thread_blocked, id=14780, stack(0x000000e0c5100000,0x000000e0c5200000)]
  0x00000265c151f000 JavaThread "jobmanager-future-thread-7" daemon [_thread_blocked, id=34508, stack(0x000000e0c4f00000,0x000000e0c5000000)]
  0x00000265c151e000 JavaThread "jobmanager-future-thread-6" daemon [_thread_blocked, id=3380, stack(0x000000e0c4e00000,0x000000e0c4f00000)]
  0x00000265c1522000 JavaThread "jobmanager-future-thread-5" daemon [_thread_blocked, id=27080, stack(0x000000e0c4d00000,0x000000e0c4e00000)]
  0x00000265c1521000 JavaThread "jobmanager-future-thread-4" daemon [_thread_blocked, id=25620, stack(0x000000e0c4c00000,0x000000e0c4d00000)]
  0x00000265c151f800 JavaThread "mini-cluster-io-thread-18" daemon [_thread_blocked, id=24980, stack(0x000000e0c4b00000,0x000000e0c4c00000)]
  0x00000265c1520800 JavaThread "pool-5-thread-1" [_thread_blocked, id=21944, stack(0x000000e0c4a00000,0x000000e0c4b00000)]
  0x00000265c1579800 JavaThread "jobmanager-future-thread-3" daemon [_thread_blocked, id=21020, stack(0x000000e0c4900000,0x000000e0c4a00000)]
  0x00000265c1579000 JavaThread "mini-cluster-io-thread-17" daemon [_thread_blocked, id=36804, stack(0x000000e0c4800000,0x000000e0c4900000)]
  0x00000265c1578000 JavaThread "mini-cluster-io-thread-16" daemon [_thread_blocked, id=2808, stack(0x000000e0c4700000,0x000000e0c4800000)]
  0x00000265c1577800 JavaThread "jobmanager-future-thread-2" daemon [_thread_blocked, id=24824, stack(0x000000e0c4600000,0x000000e0c4700000)]
  0x00000265c1576800 JavaThread "Checkpoint Timer" daemon [_thread_blocked, id=17132, stack(0x000000e0c4500000,0x000000e0c4600000)]
  0x00000265c1576000 JavaThread "mini-cluster-io-thread-15" daemon [_thread_blocked, id=39884, stack(0x000000e0c4400000,0x000000e0c4500000)]
  0x00000265c1575000 JavaThread "mini-cluster-io-thread-14" daemon [_thread_blocked, id=25900, stack(0x000000e0c4300000,0x000000e0c4400000)]
  0x00000265c157a800 JavaThread "mini-cluster-io-thread-13" daemon [_thread_blocked, id=44472, stack(0x000000e0c4200000,0x000000e0c4300000)]
  0x00000265c1574800 JavaThread "mini-cluster-io-thread-12" daemon [_thread_blocked, id=12380, stack(0x000000e0c4100000,0x000000e0c4200000)]
  0x00000265c1573800 JavaThread "ForkJoinPool.commonPool-worker-15" daemon [_thread_blocked, id=16688, stack(0x000000e0c4000000,0x000000e0c4100000)]
  0x00000265c156c000 JavaThread "ForkJoinPool.commonPool-worker-6" daemon [_thread_blocked, id=20532, stack(0x000000e0c3f00000,0x000000e0c4000000)]
  0x00000265c1573000 JavaThread "ForkJoinPool.commonPool-worker-13" daemon [_thread_blocked, id=11752, stack(0x000000e0c3e00000,0x000000e0c3f00000)]
  0x00000265c156b800 JavaThread "ForkJoinPool.commonPool-worker-4" daemon [_thread_blocked, id=53100, stack(0x000000e0c3d00000,0x000000e0c3e00000)]
  0x00000265c1572000 JavaThread "ForkJoinPool.commonPool-worker-11" daemon [_thread_blocked, id=42540, stack(0x000000e0c3c00000,0x000000e0c3d00000)]
  0x00000265c156e800 JavaThread "ForkJoinPool.commonPool-worker-2" daemon [_thread_blocked, id=14072, stack(0x000000e0c3b00000,0x000000e0c3c00000)]
  0x00000265c156d800 JavaThread "flink-akka.actor.default-dispatcher-6" [_thread_blocked, id=9956, stack(0x000000e0c3a00000,0x000000e0c3b00000)]
  0x00000265c1570000 JavaThread "mini-cluster-io-thread-11" daemon [_thread_blocked, id=18988, stack(0x000000e0c3900000,0x000000e0c3a00000)]
  0x00000265c1571800 JavaThread "mini-cluster-io-thread-10" daemon [_thread_blocked, id=40384, stack(0x000000e0c3800000,0x000000e0c3900000)]
  0x00000265c156f000 JavaThread "jobmanager-future-thread-1" daemon [_thread_blocked, id=8092, stack(0x000000e0c3700000,0x000000e0c3800000)]
  0x00000265c1570800 JavaThread "mini-cluster-io-thread-9" daemon [_thread_blocked, id=8516, stack(0x000000e0c3600000,0x000000e0c3700000)]
  0x00000265c1022800 JavaThread "mini-cluster-io-thread-8" daemon [_thread_blocked, id=8636, stack(0x000000e0c3500000,0x000000e0c3600000)]
  0x00000265c1020800 JavaThread "mini-cluster-io-thread-7" daemon [_thread_blocked, id=23180, stack(0x000000e0c3400000,0x000000e0c3500000)]
  0x00000265c1021000 JavaThread "mini-cluster-io-thread-6" daemon [_thread_blocked, id=51156, stack(0x000000e0c3300000,0x000000e0c3400000)]
  0x00000265c1023800 JavaThread "mini-cluster-io-thread-5" daemon [_thread_blocked, id=37252, stack(0x000000e0c3200000,0x000000e0c3300000)]
  0x00000265c1022000 JavaThread "mini-cluster-io-thread-4" daemon [_thread_blocked, id=50940, stack(0x000000e0c3100000,0x000000e0c3200000)]
  0x00000265c1024000 JavaThread "mini-cluster-io-thread-3" daemon [_thread_blocked, id=19488, stack(0x000000e0c3000000,0x000000e0c3100000)]
  0x00000265c1026800 JavaThread "mini-cluster-io-thread-2" daemon [_thread_blocked, id=30724, stack(0x000000e0c2f00000,0x000000e0c3000000)]
  0x00000265c1025800 JavaThread "Flink-DispatcherRestEndpoint-thread-1" daemon [_thread_blocked, id=42276, stack(0x000000e0c2e00000,0x000000e0c2f00000)]
  0x00000265c1027000 JavaThread "mini-cluster-io-thread-1" daemon [_thread_blocked, id=5164, stack(0x000000e0c2d00000,0x000000e0c2e00000)]
  0x00000265c1025000 JavaThread "flink-rest-server-netty-boss-thread-1" daemon [_thread_in_native, id=49824, stack(0x000000e0c2c00000,0x000000e0c2d00000)]
  0x00000265baf1a800 JavaThread "IOManager reader thread #1" daemon [_thread_blocked, id=51768, stack(0x000000e0c2b00000,0x000000e0c2c00000)]
  0x00000265baf1a000 JavaThread "IOManager writer thread #1" daemon [_thread_blocked, id=3328, stack(0x000000e0c2a00000,0x000000e0c2b00000)]
  0x00000265baf19000 JavaThread "Timer-2" daemon [_thread_blocked, id=22672, stack(0x000000e0c2900000,0x000000e0c2a00000)]
  0x00000265baf1d800 JavaThread "Timer-1" daemon [_thread_blocked, id=15908, stack(0x000000e0c2800000,0x000000e0c2900000)]
  0x00000265baf1d000 JavaThread "BLOB Server listener at 3005" daemon [_thread_in_native, id=52464, stack(0x000000e0c2700000,0x000000e0c2800000)]
  0x00000265baf1e800 JavaThread "Timer-0" daemon [_thread_blocked, id=12576, stack(0x000000e0c2600000,0x000000e0c2700000)]
  0x00000265baf1c000 JavaThread "flink-metrics-akka.actor.supervisor-dispatcher-3" [_thread_blocked, id=32656, stack(0x000000e0c2500000,0x000000e0c2600000)]
  0x00000265baf18800 JavaThread "flink-metrics-2" [_thread_blocked, id=23384, stack(0x000000e0c2400000,0x000000e0c2500000)]
  0x00000265baf1b800 JavaThread "flink-metrics-scheduler-1" [_thread_in_vm, id=39496, stack(0x000000e0c2300000,0x000000e0c2400000)]
  0x00000265baf1f000 JavaThread "flink-akka.actor.supervisor-dispatcher-5" [_thread_blocked, id=51460, stack(0x000000e0c2200000,0x000000e0c2300000)]
  0x00000265b7bc0000 JavaThread "flink-akka.actor.default-dispatcher-4" [_thread_blocked, id=50412, stack(0x000000e0c2100000,0x000000e0c2200000)]
  0x00000265ba6b9000 JavaThread "flink-akka.actor.default-dispatcher-3" [_thread_blocked, id=44488, stack(0x000000e0c2000000,0x000000e0c2100000)]
  0x00000265ba6bb000 JavaThread "flink-akka.actor.default-dispatcher-2" [_thread_blocked, id=53304, stack(0x000000e0c1f00000,0x000000e0c2000000)]
  0x00000265b7353800 JavaThread "flink-scheduler-1" [_thread_blocked, id=3176, stack(0x000000e0c1e00000,0x000000e0c1f00000)]
  0x00000265b7a68000 JavaThread "ForkJoinPool.commonPool-worker-9" daemon [_thread_blocked, id=37128, stack(0x000000e0c1c00000,0x000000e0c1d00000)]
  0x00000265b7701800 JavaThread "LeaseRenewer:hadoop@hadoop01:8020" daemon [_thread_blocked, id=50832, stack(0x000000e0c1d00000,0x000000e0c1e00000)]
  0x00000265b778e800 JavaThread "org.apache.hadoop.hdfs.PeerCache@7173ae5b" daemon [_thread_blocked, id=6532, stack(0x000000e0c1b00000,0x000000e0c1c00000)]
  0x00000265b6eea000 JavaThread "IPC Parameter Sending Thread #0" daemon [_thread_blocked, id=51648, stack(0x000000e0c1a00000,0x000000e0c1b00000)]
  0x00000265b9917800 JavaThread "IPC Client (91220956) connection to hadoop01/10.137.37.192:8020 from hadoop" daemon [_thread_in_native, id=32128, stack(0x000000e0c1900000,0x000000e0c1a00000)]
  0x00000265b6523800 JavaThread "org.apache.hadoop.fs.FileSystem$Statistics$StatisticsDataReferenceCleaner" daemon [_thread_blocked, id=35644, stack(0x000000e0c1700000,0x000000e0c1800000)]
  0x00000265b3f7d800 JavaThread "Service Thread" daemon [_thread_blocked, id=53912, stack(0x000000e0c1500000,0x000000e0c1600000)]
  0x00000265b3edf800 JavaThread "C1 CompilerThread3" daemon [_thread_blocked, id=54032, stack(0x000000e0c1400000,0x000000e0c1500000)]
=>0x00000265b3ede800 JavaThread "C2 CompilerThread2" daemon [_thread_in_native, id=16224, stack(0x000000e0c1300000,0x000000e0c1400000)]
  0x00000265b3eda000 JavaThread "C2 CompilerThread1" daemon [_thread_in_native, id=9296, stack(0x000000e0c1200000,0x000000e0c1300000)]
  0x00000265b3ed9000 JavaThread "C2 CompilerThread0" daemon [_thread_in_native, id=11988, stack(0x000000e0c1100000,0x000000e0c1200000)]
  0x00000265b3ebf000 JavaThread "Monitor Ctrl-Break" daemon [_thread_in_native, id=54080, stack(0x000000e0c1000000,0x000000e0c1100000)]
  0x00000265b35fa000 JavaThread "Attach Listener" daemon [_thread_blocked, id=27256, stack(0x000000e0c0f00000,0x000000e0c1000000)]
  0x00000265b35f8800 JavaThread "Signal Dispatcher" daemon [_thread_blocked, id=35776, stack(0x000000e0c0e00000,0x000000e0c0f00000)]
  0x00000265b139e800 JavaThread "Finalizer" daemon [_thread_blocked, id=12396, stack(0x000000e0c0d00000,0x000000e0c0e00000)]
  0x00000265b1394800 JavaThread "Reference Handler" daemon [_thread_blocked, id=17940, stack(0x000000e0c0c00000,0x000000e0c0d00000)]
  0x0000026595963800 JavaThread "main" [_thread_blocked, id=14028, stack(0x000000e0c0000000,0x000000e0c0100000)]

Other Threads:
  0x00000265b136d000 VMThread [stack: 0x000000e0c0b00000,0x000000e0c0c00000] [id=21168]
  0x00000265b4034000 WatcherThread [stack: 0x000000e0c1600000,0x000000e0c1700000] [id=52132]

VM state:not at safepoint (normal execution)

VM Mutex/Monitor currently owned by a thread: None

heap address: 0x00000006c4600000, size: 4026 MB, Compressed Oops mode: Zero based, Oop shift amount: 3
Narrow klass base: 0x0000000000000000, Narrow klass shift: 3
Compressed class space size: 1073741824 Address: 0x00000007c0000000

Heap:
 PSYoungGen      total 416256K, used 389542K [0x000000076c200000, 0x0000000788e80000, 0x00000007c0000000)
  eden space 370688K, 92% used [0x000000076c200000,0x00000007811ebed8,0x0000000782c00000)
  from space 45568K, 99% used [0x0000000782c00000,0x000000078587db20,0x0000000785880000)
  to   space 43520K, 0% used [0x0000000785880000,0x0000000785880000,0x0000000788300000)
 ParOldGen       total 346112K, used 199066K [0x00000006c4600000, 0x00000006d9800000, 0x000000076c200000)
  object space 346112K, 57% used [0x00000006c4600000,0x00000006d0866a98,0x00000006d9800000)
 Metaspace       used 106255K, capacity 114315K, committed 114496K, reserved 1148928K
  class space    used 13720K, capacity 15075K, committed 15232K, reserved 1048576K

Card table byte_map: [0x00000265a7400000,0x00000265a7be0000] byte_map_base: 0x00000265a3ddd000

Marking Bits: (ParMarkBitMap*) 0x0000000067c77fe0
 Begin Bits: [0x00000265a8120000, 0x00000265ac008000)
 End Bits:   [0x00000265ac008000, 0x00000265afef0000)

Polling page: 0x0000026595b20000

CodeCache: size=245760Kb used=31203Kb max_used=31211Kb free=214556Kb
 bounds [0x0000026598040000, 0x0000026599ef0000, 0x00000265a7040000]
 total_blobs=11190 nmethods=10355 adapters=746
 compilation: enabled

Compilation events (10 events):
Event: 13.183 Thread 0x00000265b3edf800 12433       3       org.apache.hadoop.fs.FileStatus::<init> (170 bytes)
Event: 13.183 Thread 0x00000265b3edf800 nmethod 12433 0x0000026599ec4e10 code [0x0000026599ec4fe0, 0x0000026599ec5850]
Event: 13.183 Thread 0x00000265b3edf800 12434   !   3       org.apache.hadoop.fs.Path::makeQualified (150 bytes)
Event: 13.184 Thread 0x00000265b3edf800 nmethod 12434 0x0000026599ec28d0 code [0x0000026599ec2ba0, 0x0000026599ec42f0]
Event: 13.187 Thread 0x00000265b3eda000 nmethod 12380 0x0000026599ed0b10 code [0x0000026599ed0de0, 0x0000026599ed2e90]
Event: 13.187 Thread 0x00000265b3eda000 12372       4       com.esotericsoftware.kryo.serializers.FieldSerializer::newCachedField (244 bytes)
Event: 13.194 Thread 0x00000265b3edf800 12435       3       org.apache.hadoop.hdfs.protocol.proto.HdfsProtos$HdfsFileStatusProto::hasFileType (16 bytes)
Event: 13.194 Thread 0x00000265b3edf800 nmethod 12435 0x000002659951b950 code [0x000002659951baa0, 0x000002659951bc58]
Event: 13.194 Thread 0x00000265b3edf800 12436       3       org.apache.hadoop.hdfs.protocol.proto.HdfsProtos$HdfsFileStatusProto::hasPath (16 bytes)
Event: 13.194 Thread 0x00000265b3edf800 nmethod 12436 0x0000026599ec2550 code [0x0000026599ec26a0, 0x0000026599ec2858]

GC Heap History (10 events):
Event: 7.691 GC heap before
{Heap before GC invocations=15 (full 3):
 PSYoungGen      total 299520K, used 202814K [0x000000076c200000, 0x0000000788300000, 0x00000007c0000000)
  eden space 272896K, 64% used [0x000000076c200000,0x0000000776e169a8,0x000000077cc80000)
  from space 26624K, 99% used [0x000000077cc80000,0x000000077e679220,0x000000077e680000)
  to   space 43520K, 0% used [0x0000000785880000,0x0000000785880000,0x0000000788300000)
 ParOldGen       total 199168K, used 67730K [0x00000006c4600000, 0x00000006d0880000, 0x000000076c200000)
  object space 199168K, 34% used [0x00000006c4600000,0x00000006c88248f8,0x00000006d0880000)
 Metaspace       used 92591K, capacity 98465K, committed 98496K, reserved 1134592K
  class space    used 12035K, capacity 13056K, committed 13056K, reserved 1048576K
Event: 7.717 GC heap after
Heap after GC invocations=15 (full 3):
 PSYoungGen      total 414208K, used 29205K [0x000000076c200000, 0x0000000788e80000, 0x00000007c0000000)
  eden space 370688K, 0% used [0x000000076c200000,0x000000076c200000,0x0000000782c00000)
  from space 43520K, 67% used [0x0000000785880000,0x0000000787505710,0x0000000788300000)
  to   space 45568K, 0% used [0x0000000782c00000,0x0000000782c00000,0x0000000785880000)
 ParOldGen       total 199168K, used 92821K [0x00000006c4600000, 0x00000006d0880000, 0x000000076c200000)
  object space 199168K, 46% used [0x00000006c4600000,0x00000006ca0a5760,0x00000006d0880000)
 Metaspace       used 92591K, capacity 98465K, committed 98496K, reserved 1134592K
  class space    used 12035K, capacity 13056K, committed 13056K, reserved 1048576K
}
Event: 7.717 GC heap before
{Heap before GC invocations=16 (full 4):
 PSYoungGen      total 414208K, used 29205K [0x000000076c200000, 0x0000000788e80000, 0x00000007c0000000)
  eden space 370688K, 0% used [0x000000076c200000,0x000000076c200000,0x0000000782c00000)
  from space 43520K, 67% used [0x0000000785880000,0x0000000787505710,0x0000000788300000)
  to   space 45568K, 0% used [0x0000000782c00000,0x0000000782c00000,0x0000000785880000)
 ParOldGen       total 199168K, used 92821K [0x00000006c4600000, 0x00000006d0880000, 0x000000076c200000)
  object space 199168K, 46% used [0x00000006c4600000,0x00000006ca0a5760,0x00000006d0880000)
 Metaspace       used 92591K, capacity 98465K, committed 98496K, reserved 1134592K
  class space    used 12035K, capacity 13056K, committed 13056K, reserved 1048576K
Event: 7.821 GC heap after
Heap after GC invocations=16 (full 4):
 PSYoungGen      total 414208K, used 0K [0x000000076c200000, 0x0000000788e80000, 0x00000007c0000000)
  eden space 370688K, 0% used [0x000000076c200000,0x000000076c200000,0x0000000782c00000)
  from space 43520K, 0% used [0x0000000785880000,0x0000000785880000,0x0000000788300000)
  to   space 45568K, 0% used [0x0000000782c00000,0x0000000782c00000,0x0000000785880000)
 ParOldGen       total 346112K, used 95884K [0x00000006c4600000, 0x00000006d9800000, 0x000000076c200000)
  object space 346112K, 27% used [0x00000006c4600000,0x00000006ca3a33d0,0x00000006d9800000)
 Metaspace       used 91992K, capacity 97049K, committed 98496K, reserved 1134592K
  class space    used 11849K, capacity 12720K, committed 13056K, reserved 1048576K
}
Event: 9.095 GC heap before
{Heap before GC invocations=17 (full 4):
 PSYoungGen      total 414208K, used 370688K [0x000000076c200000, 0x0000000788e80000, 0x00000007c0000000)
  eden space 370688K, 100% used [0x000000076c200000,0x0000000782c00000,0x0000000782c00000)
  from space 43520K, 0% used [0x0000000785880000,0x0000000785880000,0x0000000788300000)
  to   space 45568K, 0% used [0x0000000782c00000,0x0000000782c00000,0x0000000785880000)
 ParOldGen       total 346112K, used 95900K [0x00000006c4600000, 0x00000006d9800000, 0x000000076c200000)
  object space 346112K, 27% used [0x00000006c4600000,0x00000006ca3a7248,0x00000006d9800000)
 Metaspace       used 101264K, capacity 108081K, committed 108224K, reserved 1142784K
  class space    used 13115K, capacity 14230K, committed 14336K, reserved 1048576K
Event: 9.115 GC heap after
Heap after GC invocations=17 (full 4):
 PSYoungGen      total 416256K, used 32498K [0x000000076c200000, 0x0000000788e80000, 0x00000007c0000000)
  eden space 370688K, 0% used [0x000000076c200000,0x000000076c200000,0x0000000782c00000)
  from space 45568K, 71% used [0x0000000782c00000,0x0000000784bbc8c0,0x0000000785880000)
  to   space 43520K, 0% used [0x0000000785880000,0x0000000785880000,0x0000000788300000)
 ParOldGen       total 346112K, used 95908K [0x00000006c4600000, 0x00000006d9800000, 0x000000076c200000)
  object space 346112K, 27% used [0x00000006c4600000,0x00000006ca3a9248,0x00000006d9800000)
 Metaspace       used 101264K, capacity 108081K, committed 108224K, reserved 1142784K
  class space    used 13115K, capacity 14230K, committed 14336K, reserved 1048576K
}
Event: 10.427 GC heap before
{Heap before GC invocations=18 (full 4):
 PSYoungGen      total 416256K, used 403186K [0x000000076c200000, 0x0000000788e80000, 0x00000007c0000000)
  eden space 370688K, 100% used [0x000000076c200000,0x0000000782c00000,0x0000000782c00000)
  from space 45568K, 71% used [0x0000000782c00000,0x0000000784bbc8c0,0x0000000785880000)
  to   space 43520K, 0% used [0x0000000785880000,0x0000000785880000,0x0000000788300000)
 ParOldGen       total 346112K, used 95908K [0x00000006c4600000, 0x00000006d9800000, 0x000000076c200000)
  object space 346112K, 27% used [0x00000006c4600000,0x00000006ca3a9248,0x00000006d9800000)
 Metaspace       used 104264K, capacity 111483K, committed 111808K, reserved 1146880K
  class space    used 13513K, capacity 14701K, committed 14848K, reserved 1048576K
Event: 10.478 GC heap after
Heap after GC invocations=18 (full 4):
 PSYoungGen      total 414208K, used 43513K [0x000000076c200000, 0x0000000788e80000, 0x00000007c0000000)
  eden space 370688K, 0% used [0x000000076c200000,0x000000076c200000,0x0000000782c00000)
  from space 43520K, 99% used [0x0000000785880000,0x00000007882fe440,0x0000000788300000)
  to   space 45568K, 0% used [0x0000000782c00000,0x0000000782c00000,0x0000000785880000)
 ParOldGen       total 346112K, used 154009K [0x00000006c4600000, 0x00000006d9800000, 0x000000076c200000)
  object space 346112K, 44% used [0x00000006c4600000,0x00000006cdc66730,0x00000006d9800000)
 Metaspace       used 104264K, capacity 111483K, committed 111808K, reserved 1146880K
  class space    used 13513K, capacity 14701K, committed 14848K, reserved 1048576K
}
Event: 12.289 GC heap before
{Heap before GC invocations=19 (full 4):
 PSYoungGen      total 414208K, used 414201K [0x000000076c200000, 0x0000000788e80000, 0x00000007c0000000)
  eden space 370688K, 100% used [0x000000076c200000,0x0000000782c00000,0x0000000782c00000)
  from space 43520K, 99% used [0x0000000785880000,0x00000007882fe440,0x0000000788300000)
  to   space 45568K, 0% used [0x0000000782c00000,0x0000000782c00000,0x0000000785880000)
 ParOldGen       total 346112K, used 154022K [0x00000006c4600000, 0x00000006d9800000, 0x000000076c200000)
  object space 346112K, 44% used [0x00000006c4600000,0x00000006cdc69b20,0x00000006d9800000)
 Metaspace       used 105667K, capacity 113453K, committed 113856K, reserved 1148928K
  class space    used 13649K, capacity 14942K, committed 15104K, reserved 1048576K
Event: 12.327 GC heap after
Heap after GC invocations=19 (full 4):
 PSYoungGen      total 416256K, used 45558K [0x000000076c200000, 0x0000000788e80000, 0x00000007c0000000)
  eden space 370688K, 0% used [0x000000076c200000,0x000000076c200000,0x0000000782c00000)
  from space 45568K, 99% used [0x0000000782c00000,0x000000078587db20,0x0000000785880000)
  to   space 43520K, 0% used [0x0000000785880000,0x0000000785880000,0x0000000788300000)
 ParOldGen       total 346112K, used 199066K [0x00000006c4600000, 0x00000006d9800000, 0x000000076c200000)
  object space 346112K, 57% used [0x00000006c4600000,0x00000006d0866a98,0x00000006d9800000)
 Metaspace       used 105667K, capacity 113453K, committed 113856K, reserved 1148928K
  class space    used 13649K, capacity 14942K, committed 15104K, reserved 1048576K
}

Deoptimization events (10 events):
Event: 12.276 Thread 0x00000265cd2de000 Uncommon trap: reason=array_check action=maybe_recompile pc=0x0000026599de88e4 method=java.io.ObjectInputStream.readArray(Z)Ljava/lang/Object; @ 419
Event: 12.276 Thread 0x00000265c8531000 Uncommon trap: reason=array_check action=maybe_recompile pc=0x0000026599de88e4 method=java.io.ObjectInputStream.readArray(Z)Ljava/lang/Object; @ 419
Event: 12.277 Thread 0x00000265c8533800 Uncommon trap: reason=array_check action=maybe_recompile pc=0x0000026599de88e4 method=java.io.ObjectInputStream.readArray(Z)Ljava/lang/Object; @ 419
Event: 12.277 Thread 0x00000265cd2c9000 Uncommon trap: reason=speculate_class_check action=maybe_recompile pc=0x0000026598dcc5f4 method=org.apache.iceberg.shaded.com.fasterxml.jackson.databind.JsonNode.isNumber()Z @ 1
Event: 12.448 Thread 0x00000265c18e9800 Uncommon trap: reason=bimorphic action=maybe_recompile pc=0x00000265993c3c10 method=org.apache.iceberg.avro.AvroSchemaVisitor.visit(Lorg/apache/iceberg/shaded/org/apache/avro/Schema;Lorg/apache/iceberg/avro/AvroSchemaVisitor;)Ljava/lang/Object; @ 311
Event: 12.505 Thread 0x00000265c1526800 Uncommon trap: reason=speculate_class_check action=maybe_recompile pc=0x000002659913082c method=org.apache.iceberg.util.JsonUtil.getLong(Ljava/lang/String;Lorg/apache/iceberg/shaded/com/fasterxml/jackson/databind/JsonNode;)J @ 48
Event: 12.929 Thread 0x00000265c75e2000 Uncommon trap: reason=unstable_if action=reinterpret pc=0x000002659893e7ec method=java.util.concurrent.CompletableFuture.postComplete()V @ 49
Event: 13.026 Thread 0x00000265c8e91000 Uncommon trap: reason=unstable_if action=reinterpret pc=0x00000265994563fc method=java.util.concurrent.ConcurrentLinkedQueue.poll()Ljava/lang/Object; @ 74
Event: 13.124 Thread 0x00000265cd2b3000 Uncommon trap: reason=predicate action=maybe_recompile pc=0x0000026599d2edec method=com.esotericsoftware.kryo.serializers.DefaultArraySerializers$ObjectArraySerializer.read(Lcom/esotericsoftware/kryo/Kryo;Lcom/esotericsoftware/kryo/io/Input;Ljava/lang/Cla
Event: 13.124 Thread 0x00000265cd2a1800 Uncommon trap: reason=predicate action=maybe_recompile pc=0x0000026599d454b4 method=com.esotericsoftware.kryo.serializers.DefaultArraySerializers$ObjectArraySerializer.read(Lcom/esotericsoftware/kryo/Kryo;Lcom/esotericsoftware/kryo/io/Input;Ljava/lang/Cla

Classes redefined (0 events):
No events

Internal exceptions (10 events):
Event: 13.159 Thread 0x00000265cd2cb000 Exception <a 'java/lang/InterruptedException': sleep interrupted> (0x000000078087f7d8) thrown at [C:\jenkins\workspace\8-2-build-windows-amd64-cygwin\jdk8u291\1294\hotspot\src\share\vm\prims\jvm.cpp, line 3357]
Event: 13.159 Thread 0x00000265cd2c2000 Exception <a 'java/lang/InterruptedException'> (0x0000000780875b28) thrown at [C:\jenkins\workspace\8-2-build-windows-amd64-cygwin\jdk8u291\1294\hotspot\src\share\vm\runtime\objectMonitor.cpp, line 1497]
Event: 13.159 Thread 0x00000265cd2ca800 Exception <a 'java/lang/InterruptedException': sleep interrupted> (0x00000007808e7d80) thrown at [C:\jenkins\workspace\8-2-build-windows-amd64-cygwin\jdk8u291\1294\hotspot\src\share\vm\prims\jvm.cpp, line 3357]
Event: 13.159 Thread 0x00000265cd2d9800 Exception <a 'java/lang/InterruptedException': sleep interrupted> (0x00000007808f76c8) thrown at [C:\jenkins\workspace\8-2-build-windows-amd64-cygwin\jdk8u291\1294\hotspot\src\share\vm\prims\jvm.cpp, line 3357]
Event: 13.160 Thread 0x00000265cd2b6000 Exception <a 'java/lang/InterruptedException'> (0x00000007809259b8) thrown at [C:\jenkins\workspace\8-2-build-windows-amd64-cygwin\jdk8u291\1294\hotspot\src\share\vm\runtime\objectMonitor.cpp, line 1497]
Event: 13.160 Thread 0x00000265cd2c7800 Exception <a 'java/lang/InterruptedException': sleep interrupted> (0x000000078092f628) thrown at [C:\jenkins\workspace\8-2-build-windows-amd64-cygwin\jdk8u291\1294\hotspot\src\share\vm\prims\jvm.cpp, line 3357]
Event: 13.160 Thread 0x00000265cd2c5000 Exception <a 'java/lang/InterruptedException': sleep interrupted> (0x000000078095f8f0) thrown at [C:\jenkins\workspace\8-2-build-windows-amd64-cygwin\jdk8u291\1294\hotspot\src\share\vm\prims\jvm.cpp, line 3357]
Event: 13.160 Thread 0x00000265cd2b9000 Exception <a 'java/lang/InterruptedException': sleep interrupted> (0x00000007809af640) thrown at [C:\jenkins\workspace\8-2-build-windows-amd64-cygwin\jdk8u291\1294\hotspot\src\share\vm\prims\jvm.cpp, line 3357]
Event: 13.161 Thread 0x00000265cd2c3000 Exception <a 'java/lang/InterruptedException': sleep interrupted> (0x0000000780a11598) thrown at [C:\jenkins\workspace\8-2-build-windows-amd64-cygwin\jdk8u291\1294\hotspot\src\share\vm\prims\jvm.cpp, line 3357]
Event: 13.161 Thread 0x00000265cd2bd800 Exception <a 'java/lang/InterruptedException': sleep interrupted> (0x0000000780a5cdc0) thrown at [C:\jenkins\workspace\8-2-build-windows-amd64-cygwin\jdk8u291\1294\hotspot\src\share\vm\prims\jvm.cpp, line 3357]

Events (10 events):
Event: 13.162 Thread 0x00000265cc907800 Thread exited: 0x00000265cc907800
Event: 13.162 Thread 0x00000265cc90d800 Thread exited: 0x00000265cc90d800
Event: 13.162 Thread 0x00000265cc900000 Thread exited: 0x00000265cc900000
Event: 13.164 Thread 0x00000265b3edf800 flushing nmethod 0x000002659951b610
Event: 13.168 loading class manifest_entry
Event: 13.168 loading class manifest_entry done
Event: 13.179 loading class manifest_entry
Event: 13.179 loading class manifest_entry done
Event: 13.196 loading class manifest_entry
Event: 13.196 loading class manifest_entry done


Dynamic libraries:
0x00007ff65ce20000 - 0x00007ff65ce67000 	D:\software\jdk\bin\java.exe
0x00007ffb6fc90000 - 0x00007ffb6fe85000 	C:\Windows\SYSTEM32\ntdll.dll
0x00007ffb6dcf0000 - 0x00007ffb6ddad000 	C:\Windows\System32\KERNEL32.DLL
0x00007ffb6d860000 - 0x00007ffb6db28000 	C:\Windows\System32\KERNELBASE.dll
0x00000000693c0000 - 0x0000000069455000 	C:\Windows\System32\SYSFER.DLL
0x00007ffb6e0c0000 - 0x00007ffb6e16c000 	C:\Windows\System32\ADVAPI32.dll
0x00007ffb6f4f0000 - 0x00007ffb6f58e000 	C:\Windows\System32\msvcrt.dll
0x00007ffb6fa90000 - 0x00007ffb6fb2b000 	C:\Windows\System32\sechost.dll
0x00007ffb6ddb0000 - 0x00007ffb6dedb000 	C:\Windows\System32\RPCRT4.dll
0x00007ffb6e610000 - 0x00007ffb6e7b0000 	C:\Windows\System32\USER32.dll
0x00007ffb6dc90000 - 0x00007ffb6dcb2000 	C:\Windows\System32\win32u.dll
0x00007ffb6e5e0000 - 0x00007ffb6e60a000 	C:\Windows\System32\GDI32.dll
0x00007ffb6db30000 - 0x00007ffb6dc3b000 	C:\Windows\System32\gdi32full.dll
0x00007ffb6d760000 - 0x00007ffb6d7fd000 	C:\Windows\System32\msvcp_win.dll
0x00007ffb6d3d0000 - 0x00007ffb6d4d0000 	C:\Windows\System32\ucrtbase.dll
0x00007ffb6ba70000 - 0x00007ffb6bd0a000 	C:\Windows\WinSxS\amd64_microsoft.windows.common-controls_6595b64144ccf1df_6.0.19041.844_none_ca00b6081b84eb1d\COMCTL32.dll
0x00007ffb6f8a0000 - 0x00007ffb6f8d0000 	C:\Windows\System32\IMM32.DLL
0x0000000180000000 - 0x00000001800a0000 	C:\Windows\LVUAAgentInstBaseRoot\system32\Vozokopot.dll
0x00007ffb6f7a0000 - 0x00007ffb6f87a000 	C:\Windows\System32\COMDLG32.dll
0x00007ffb6f190000 - 0x00007ffb6f4e5000 	C:\Windows\System32\combase.dll
0x00007ffb6fba0000 - 0x00007ffb6fc4e000 	C:\Windows\System32\shcore.dll
0x00007ffb6f740000 - 0x00007ffb6f795000 	C:\Windows\System32\SHLWAPI.dll
0x00007ffb6e890000 - 0x00007ffb6efd2000 	C:\Windows\System32\SHELL32.dll
0x00007ffb5c860000 - 0x00007ffb5c883000 	C:\Windows\LVUAAgentInstBaseRoot\system32\MozartBreathFw.dll
0x00007ffb56310000 - 0x00007ffb568e2000 	C:\Windows\LVUAAgentInstBaseRoot\system32\MozartBreathCore.dll
0x00007ffb6df90000 - 0x00007ffb6e0ba000 	C:\Windows\System32\ole32.dll
0x00007ffb6e7c0000 - 0x00007ffb6e88d000 	C:\Windows\System32\OLEAUT32.dll
0x00007ffb6f0c0000 - 0x00007ffb6f12b000 	C:\Windows\System32\WS2_32.dll
0x0000000069190000 - 0x000000006922a000 	C:\Windows\LVUAAgentInstBaseRoot\system32\SteinwayMSVCRT.dll
0x00000000690c0000 - 0x0000000069190000 	C:\Windows\LVUAAgentInstBaseRoot\system32\SteinwayMSVCSTL.dll
0x00007ffb55730000 - 0x00007ffb557be000 	C:\Windows\SYSTEM32\WINSPOOL.DRV
0x00007ffb68670000 - 0x00007ffb68684000 	C:\Windows\SYSTEM32\WTSAPI32.dll
0x00007ffb6cd90000 - 0x00007ffb6cdcb000 	C:\Windows\SYSTEM32\IPHLPAPI.DLL
0x00007ffb6c5e0000 - 0x00007ffb6c6ac000 	C:\Windows\SYSTEM32\DNSAPI.dll
0x00007ffb5f5b0000 - 0x00007ffb5f5cd000 	C:\Windows\SYSTEM32\MPR.dll
0x00007ffb6fb30000 - 0x00007ffb6fb38000 	C:\Windows\System32\NSI.dll
0x00007ffb511d0000 - 0x00007ffb51215000 	C:\Windows\LVUAAgentInstBaseRoot\system32\MozartBreathPrint.dll
0x00007ffb546a0000 - 0x00007ffb546a7000 	C:\Windows\SYSTEM32\MSIMG32.dll
0x00007ffb50fa0000 - 0x00007ffb50fd1000 	C:\Windows\LVUAAgentInstBaseRoot\system32\MozartBreathProcess.dll
0x00007ffb51000000 - 0x00007ffb5104d000 	C:\Windows\LVUAAgentInstBaseRoot\system32\MozartBreathBolo.dll
0x00007ffb6ae80000 - 0x00007ffb6aeaf000 	C:\Windows\SYSTEM32\dwmapi.dll
0x00007ffb51050000 - 0x00007ffb51065000 	C:\Windows\LVUAAgentInstBaseRoot\system32\MozartBreathProtect.dll
0x00007ffb48c80000 - 0x00007ffb48c95000 	D:\software\jdk\jre\bin\vcruntime140.dll
0x00007ffb27780000 - 0x00007ffb2781b000 	D:\software\jdk\jre\bin\msvcp140.dll
0x0000000067490000 - 0x0000000067cf0000 	D:\software\jdk\jre\bin\server\jvm.dll
0x00007ffb6fa80000 - 0x00007ffb6fa88000 	C:\Windows\System32\PSAPI.DLL
0x00007ffb68e20000 - 0x00007ffb68e29000 	C:\Windows\SYSTEM32\WSOCK32.dll
0x00007ffb5c3a0000 - 0x00007ffb5c3c7000 	C:\Windows\SYSTEM32\WINMM.dll
0x00007ffb67d70000 - 0x00007ffb67d7a000 	C:\Windows\SYSTEM32\VERSION.dll
0x00007ffb6b090000 - 0x00007ffb6b0a2000 	C:\Windows\SYSTEM32\kernel.appcore.dll
0x00007ffb68d30000 - 0x00007ffb68d40000 	D:\software\jdk\jre\bin\verify.dll
0x00007ffb42110000 - 0x00007ffb4213b000 	D:\software\jdk\jre\bin\java.dll
0x00007ffb66880000 - 0x00007ffb668b0000 	D:\software\jdk\jre\bin\instrument.dll
0x00007ffb66de0000 - 0x00007ffb66e4a000 	C:\Windows\SYSTEM32\Wlanapi.dll
0x00007ffb6d310000 - 0x00007ffb6d32f000 	C:\Windows\SYSTEM32\profapi.dll
0x00007ffb47cc0000 - 0x00007ffb47cd8000 	D:\software\jdk\jre\bin\zip.dll
0x00007ffb6b290000 - 0x00007ffb6ba21000 	C:\Windows\SYSTEM32\windows.storage.dll
0x00007ffb6cdd0000 - 0x00007ffb6cdfc000 	C:\Windows\SYSTEM32\Wldp.dll
0x00007ffb65560000 - 0x00007ffb6557a000 	D:\software\IDEA\IntelliJ IDEA 2021.1.3\bin\breakgen64.dll
0x00007ffb450d0000 - 0x00007ffb450ec000 	D:\software\jdk\jre\bin\net.dll
0x00007ffb6c8a0000 - 0x00007ffb6c90a000 	C:\Windows\system32\mswsock.dll
0x00007ffb69c70000 - 0x00007ffb69c7d000 	D:\software\jdk\jre\bin\management.dll
0x00007ffb64d60000 - 0x00007ffb64d7a000 	D:\software\hadoop3.3\hadoop-3.3.0\bin\hadoop.dll
0x00007ffb29150000 - 0x00007ffb2923f000 	C:\Windows\SYSTEM32\MSVCR120.dll
0x00007ffb6c1c0000 - 0x00007ffb6c20c000 	C:\Windows\SYSTEM32\AUTHZ.dll
0x00007ffb5f960000 - 0x00007ffb5f978000 	C:\Windows\SYSTEM32\NETAPI32.dll
0x00007ffb65630000 - 0x00007ffb65649000 	C:\Windows\SYSTEM32\SAMCLI.DLL
0x00007ffb6c5d0000 - 0x00007ffb6c5dc000 	C:\Windows\SYSTEM32\NETUTILS.DLL
0x00007ffb68db0000 - 0x00007ffb68db9000 	D:\software\jdk\jre\bin\jaas_nt.dll
0x00007ffb676a0000 - 0x00007ffb676b7000 	C:\Windows\SYSTEM32\dhcpcsvc6.DLL
0x00007ffb67640000 - 0x00007ffb6765d000 	C:\Windows\SYSTEM32\dhcpcsvc.DLL
0x00007ffb65b90000 - 0x00007ffb65b9a000 	C:\Windows\System32\rasadhlp.dll
0x00007ffb65cc0000 - 0x00007ffb65d3f000 	C:\Windows\System32\fwpuclnt.dll
0x00007ffb6dcc0000 - 0x00007ffb6dce7000 	C:\Windows\System32\bcrypt.dll
0x00007ffb6ca70000 - 0x00007ffb6ca88000 	C:\Windows\SYSTEM32\CRYPTSP.dll
0x00007ffb6cb30000 - 0x00007ffb6cb64000 	C:\Windows\system32\rsaenh.dll
0x00007ffb6d290000 - 0x00007ffb6d2be000 	C:\Windows\SYSTEM32\USERENV.dll
0x00007ffb6d630000 - 0x00007ffb6d6b0000 	C:\Windows\System32\bcryptprimitives.dll
0x00007ffb6ca90000 - 0x00007ffb6ca9c000 	C:\Windows\SYSTEM32\CRYPTBASE.dll
0x00007ffb40f60000 - 0x00007ffb40f73000 	D:\software\jdk\jre\bin\nio.dll
0x00007ffb46a90000 - 0x00007ffb46aa7000 	C:\Windows\system32\napinsp.dll
0x00007ffb46a20000 - 0x00007ffb46a3b000 	C:\Windows\system32\pnrpnsp.dll
0x00007ffb469b0000 - 0x00007ffb469c5000 	C:\Windows\system32\wshbth.dll
0x00007ffb68b40000 - 0x00007ffb68b5d000 	C:\Windows\system32\NLAapi.dll
0x00007ffb46980000 - 0x00007ffb46992000 	C:\Windows\System32\winrnr.dll
0x000000006c500000 - 0x000000006c5c7000 	C:\Users\dell\AppData\Local\Temp\snappy-1.1.8-d840311b-9559-4f87-aeb5-13e8301273c8-snappyjava.dll
0x00007ffb5f690000 - 0x00007ffb5f874000 	C:\Windows\SYSTEM32\dbghelp.dll

VM Arguments:
jvm_args: -javaagent:D:\software\IDEA\IntelliJ IDEA 2021.1.3\lib\idea_rt.jar=2966:D:\software\IDEA\IntelliJ IDEA 2021.1.3\bin -Dfile.encoding=UTF-8 
java_command: top.chendaye666.Warehouse -path D:\code\datalake\T_Warehouse\src\main\resources\ncdd.json
java_class_path (initial): D:\software\jdk\jre\lib\charsets.jar;D:\software\jdk\jre\lib\deploy.jar;D:\software\jdk\jre\lib\ext\access-bridge-64.jar;D:\software\jdk\jre\lib\ext\cldrdata.jar;D:\software\jdk\jre\lib\ext\dnsns.jar;D:\software\jdk\jre\lib\ext\jaccess.jar;D:\software\jdk\jre\lib\ext\jfxrt.jar;D:\software\jdk\jre\lib\ext\localedata.jar;D:\software\jdk\jre\lib\ext\nashorn.jar;D:\software\jdk\jre\lib\ext\sunec.jar;D:\software\jdk\jre\lib\ext\sunjce_provider.jar;D:\software\jdk\jre\lib\ext\sunmscapi.jar;D:\software\jdk\jre\lib\ext\sunpkcs11.jar;D:\software\jdk\jre\lib\ext\zipfs.jar;D:\software\jdk\jre\lib\javaws.jar;D:\software\jdk\jre\lib\jce.jar;D:\software\jdk\jre\lib\jfr.jar;D:\software\jdk\jre\lib\jfxswt.jar;D:\software\jdk\jre\lib\jsse.jar;D:\software\jdk\jre\lib\management-agent.jar;D:\software\jdk\jre\lib\plugin.jar;D:\software\jdk\jre\lib\resources.jar;D:\software\jdk\jre\lib\rt.jar;D:\code\datalake\T_Warehouse\target\classes;D:\software\maven\repo\org\apache\flink\flink-java\1.12.5\flink-java-1.12.5.jar;D:\software\maven\repo\org\apache\commons\commons-lang3\3.11\commons-lang3-3.11.jar;D:\software\maven\repo\org\apache\commons\commons-math3\3.5\commons-math3-3.5.jar;D:\software\maven\repo\org\slf4j\slf4j-api\1.7.22\slf4j-api-1.7.22.jar;D:\software\maven\repo\com\google\code\findbugs\jsr305\1.3.9\jsr305-1.3.9.jar;D:\software\maven\repo\org\apache\flink\force-shading\1.12.5\force-shading-1.12.5.jar;D:\software\maven\repo\org\apache\flink\flink-clients_2.12\1.12.5\flink-clients_2.12-1.12.5.jar;D:\software\maven\repo\org\apache\flink\flink-runtime_2.12\1.12.5\flink-runtime_2.12-1.12.5.jar;D:\software\maven\repo\org\apache\flink\flink-queryable-state-client-java\1.12.5\flink-queryable-state-client-java-1.12.5.jar;D:\software\maven\repo\org\apache\flink\flink-hadoop-fs\1.12.5\flink-hadoop-fs-1.12.5.jar;D:\software\maven\repo\org\apache\flink\flink-shaded-netty\4.1.49.Final-12.0\flink-shaded-netty-4.1.49.Final-12.0.jar;D:\software\maven\repo\org\apache\f
Launcher Type: SUN_STANDARD

Environment Variables:
JAVA_HOME=D:\software\jdk
PATH=C:\Program Files (x86)\Common Files\Oracle\Java\javapath;D:\software\vmware\bin\;C:\Windows\system32;C:\Windows;C:\Windows\System32\Wbem;C:\Windows\System32\WindowsPowerShell\v1.0\;C:\Windows\System32\OpenSSH\;D:\software\xshell\;D:\software\xftp\;D:\software\git\Git\cmd;D:\software\jdk\bin;D:\software\maven\apache-maven-3.8.1\bin;D:\software\scala\bin;D:\software\gradle\gradle-7.1\bin;D:\software\gradle-6.5\bin;D:\software\hadoop3.3\hadoop-3.3.0\bin;D:\software\hadoop3.3\hadoop-3.3.0\sbin;D:\software\hadoop3.3\hadoop-3.3.0\lib;D:\scala-2.11.12\bin;D:\software\svn\bin;D:\software\node\;C:\Program Files\IDM Computer Solutions\UltraCompare;D:\python3.9\Scripts\;D:\python3.9\;C:\Users\dell\AppData\Local\Microsoft\WindowsApps;;D:\software\vscode\Microsoft VS Code\bin;C:\Program Files\Bandizip\;C:\Users\dell\AppData\Roaming\npm;C:\Users\dell\Documents\IDM Computer Solutions\UltraEdit
USERNAME=dell
OS=Windows_NT
PROCESSOR_IDENTIFIER=Intel64 Family 6 Model 165 Stepping 3, GenuineIntel



---------------  S Y S T E M  ---------------

OS: Windows 10.0 , 64 bit Build 19041 (10.0.19041.928)

CPU:total 12 (initial active 12) (6 cores per cpu, 2 threads per core) family 6 model 165 stepping 3, cmov, cx8, fxsr, mmx, sse, sse2, sse3, ssse3, sse4.1, sse4.2, popcnt, avx, avx2, aes, clmul, erms, 3dnowpref, lzcnt, ht, tsc, tscinvbit, bmi1, bmi2, adx

Memory: 4k page, physical 16485548k(711812k free), swap 29646604k(4396k free)

vm_info: Java HotSpot(TM) 64-Bit Server VM (25.291-b10) for windows-amd64 JRE (1.8.0_291-b10), built on Apr  9 2021 00:02:00 by "java_re" with MS VC++ 15.9 (VS2017)

time: Mon Apr 11 09:31:17 2022
timezone: 
elapsed time: 13.242524 seconds (0d 0h 0m 13s)

